0	05:39:44.448	MarketProfile AUDUSD,H1: Timeframe should be set to M30, M15, or M5 for Daily session.
0	05:40:00.619	MarketProfile AUDUSD,H1: Timeframe should be set to M30, M15, or M5 for Daily session.
0	05:40:00.668	MarketProfile AUDUSD,H1: Timeframe should be set to M30, M15, or M5 for Daily session.
0	05:40:16.897	MarketProfile AUDUSD,H1: Timeframe should be set to M30, M15, or M5 for Daily session.
0	05:40:17.187	MarketProfile AUDUSD,H1: Timeframe should be set to M30, M15, or M5 for Daily session.
0	05:40:17.574	MarketProfile AUDUSD,H1: Timeframe should be set to M30, M15, or M5 for Daily session.
0	05:40:18.298	MarketProfile AUDUSD,H1: Timeframe should be set to M30, M15, or M5 for Daily session.
0	05:40:18.879	MarketProfile AUDUSD,H1: Timeframe should be set to M30, M15, or M5 for Daily session.
0	05:40:18.946	MarketProfile AUDUSD,H1: Timeframe should be set to M30, M15, or M5 for Daily session.
0	05:40:18.995	MarketProfile AUDUSD,H1: Timeframe should be set to M30, M15, or M5 for Daily session.
0	05:40:19.044	MarketProfile AUDUSD,H1: Timeframe should be set to M30, M15, or M5 for Daily session.
0	05:40:19.094	MarketProfile AUDUSD,H1: Timeframe should be set to M30, M15, or M5 for Daily session.
0	05:40:19.143	MarketProfile AUDUSD,H1: Timeframe should be set to M30, M15, or M5 for Daily session.
0	05:40:19.192	MarketProfile AUDUSD,H1: Timeframe should be set to M30, M15, or M5 for Daily session.
0	05:40:19.241	MarketProfile AUDUSD,H1: Timeframe should be set to M30, M15, or M5 for Daily session.
0	05:40:19.355	MarketProfile AUDUSD,H1: Timeframe should be set to M30, M15, or M5 for Daily session.
0	05:40:19.405	MarketProfile AUDUSD,H1: Timeframe should be set to M30, M15, or M5 for Daily session.
0	05:40:19.454	MarketProfile AUDUSD,H1: Timeframe should be set to M30, M15, or M5 for Daily session.
0	05:40:19.503	MarketProfile AUDUSD,H1: Timeframe should be set to M30, M15, or M5 for Daily session.
0	05:40:19.552	MarketProfile AUDUSD,H1: Timeframe should be set to M30, M15, or M5 for Daily session.
0	05:40:19.601	MarketProfile AUDUSD,H1: Timeframe should be set to M30, M15, or M5 for Daily session.
0	05:40:19.650	MarketProfile AUDUSD,H1: Timeframe should be set to M30, M15, or M5 for Daily session.
0	05:40:19.699	MarketProfile AUDUSD,H1: Timeframe should be set to M30, M15, or M5 for Daily session.
0	05:40:19.748	MarketProfile AUDUSD,H1: Timeframe should be set to M30, M15, or M5 for Daily session.
0	05:40:19.797	MarketProfile AUDUSD,H1: Timeframe should be set to M30, M15, or M5 for Daily session.
0	05:40:19.847	MarketProfile AUDUSD,H1: Timeframe should be set to M30, M15, or M5 for Daily session.
0	05:40:19.896	MarketProfile AUDUSD,H1: Timeframe should be set to M30, M15, or M5 for Daily session.
0	05:40:19.945	MarketProfile AUDUSD,H1: Timeframe should be set to M30, M15, or M5 for Daily session.
0	05:40:19.995	MarketProfile AUDUSD,H1: Timeframe should be set to M30, M15, or M5 for Daily session.
0	05:40:20.044	MarketProfile AUDUSD,H1: Timeframe should be set to M30, M15, or M5 for Daily session.
0	05:40:20.093	MarketProfile AUDUSD,H1: Timeframe should be set to M30, M15, or M5 for Daily session.
0	05:40:20.142	MarketProfile AUDUSD,H1: Timeframe should be set to M30, M15, or M5 for Daily session.
0	05:40:20.191	MarketProfile AUDUSD,H1: Timeframe should be set to M30, M15, or M5 for Daily session.
0	08:35:57.894	MarketProfile AUDUSD,H1: Timeframe should be set to M30, M15, or M5 for Daily session.
0	08:36:03.934	MarketProfile AUDUSD,H1: Timeframe should be set to M30, M15, or M5 for Daily session.
0	08:36:04.625	MarketProfile AUDUSD,H1: Timeframe should be set to M30, M15, or M5 for Daily session.
0	08:36:05.995	MarketProfile AUDUSD,H1: Timeframe should be set to M30, M15, or M5 for Daily session.
0	08:36:07.348	MarketProfile AUDUSD,H1: Timeframe should be set to M30, M15, or M5 for Daily session.
0	08:36:07.710	MarketProfile AUDUSD,H1: Timeframe should be set to M30, M15, or M5 for Daily session.
0	08:36:08.728	MarketProfile AUDUSD,H1: Timeframe should be set to M30, M15, or M5 for Daily session.
0	08:36:09.029	MarketProfile AUDUSD,H1: Timeframe should be set to M30, M15, or M5 for Daily session.
0	08:36:10.081	MarketProfile AUDUSD,H1: Timeframe should be set to M30, M15, or M5 for Daily session.
0	08:36:12.290	MarketProfile AUDUSD,H1: Timeframe should be set to M30, M15, or M5 for Daily session.
0	08:36:12.340	MarketProfile AUDUSD,H1: Timeframe should be set to M30, M15, or M5 for Daily session.
0	08:36:12.389	MarketProfile AUDUSD,H1: Timeframe should be set to M30, M15, or M5 for Daily session.
0	08:36:12.438	MarketProfile AUDUSD,H1: Timeframe should be set to M30, M15, or M5 for Daily session.
0	08:36:12.487	MarketProfile AUDUSD,H1: Timeframe should be set to M30, M15, or M5 for Daily session.
0	08:36:12.861	MarketProfile AUDUSD,H1: Timeframe should be set to M30, M15, or M5 for Daily session.
0	08:36:14.146	MarketProfile AUDUSD,H1: Timeframe should be set to M30, M15, or M5 for Daily session.
0	08:36:14.393	MarketProfile AUDUSD,H1: Timeframe should be set to M30, M15, or M5 for Daily session.
0	08:36:14.443	MarketProfile AUDUSD,H1: Timeframe should be set to M30, M15, or M5 for Daily session.
0	08:36:15.521	MarketProfile AUDUSD,H1: Timeframe should be set to M30, M15, or M5 for Daily session.
0	08:36:16.859	MarketProfile AUDUSD,H1: Timeframe should be set to M30, M15, or M5 for Daily session.
0	08:36:17.060	MarketProfile AUDUSD,H1: Timeframe should be set to M30, M15, or M5 for Daily session.
0	08:36:18.227	MarketProfile AUDUSD,H1: Timeframe should be set to M30, M15, or M5 for Daily session.
0	08:36:18.402	MarketProfile AUDUSD,H1: Timeframe should be set to M30, M15, or M5 for Daily session.
0	08:36:19.562	MarketProfile AUDUSD,H1: Timeframe should be set to M30, M15, or M5 for Daily session.
0	08:36:20.939	MarketProfile AUDUSD,H1: Timeframe should be set to M30, M15, or M5 for Daily session.
0	08:36:22.280	MarketProfile AUDUSD,H1: Timeframe should be set to M30, M15, or M5 for Daily session.
0	08:36:22.806	MarketProfile AUDUSD,H1: Timeframe should be set to M30, M15, or M5 for Daily session.
0	08:36:23.321	MarketProfile AUDUSD,H1: Timeframe should be set to M30, M15, or M5 for Daily session.
0	08:36:23.872	MarketProfile AUDUSD,H1: Timeframe should be set to M30, M15, or M5 for Daily session.
0	08:36:24.068	MarketProfile AUDUSD,H1: Timeframe should be set to M30, M15, or M5 for Daily session.
0	08:36:24.120	MarketProfile AUDUSD,H1: Timeframe should be set to M30, M15, or M5 for Daily session.
0	08:36:24.169	MarketProfile AUDUSD,H1: Timeframe should be set to M30, M15, or M5 for Daily session.
0	08:36:24.218	MarketProfile AUDUSD,H1: Timeframe should be set to M30, M15, or M5 for Daily session.
1	23:57:51.974	MarketProfile EURUSD,M30: array out of range in 'MarketProfile.mq4' (262,131)
1	23:57:51.975	MarketProfile USDJPY,M30: array out of range in 'MarketProfile.mq4' (262,131)
1	23:57:52.920	MarketProfile GBPUSD,M15: array out of range in 'MarketProfile.mq4' (262,131)
0	23:57:52.956	MarketProfile AUDUSD,H1: Timeframe should be set to M30, M15, or M5 for Daily session.
1	23:57:59.797	MarketProfile NZDUSD,M30: array out of range in 'MarketProfile.mq4' (262,131)
0	23:57:59.799	MarketProfile AUDUSD,H1: Timeframe should be set to M30, M15, or M5 for Daily session.
0	23:58:09.546	MarketProfile AUDUSD,H1: Timeframe should be set to M30, M15, or M5 for Daily session.
0	23:58:15.330	MarketProfile AUDUSD,H1: Timeframe should be set to M30, M15, or M5 for Daily session.
0	23:58:24.301	MarketProfile AUDUSD,H1: Timeframe should be set to M30, M15, or M5 for Daily session.
0	23:58:40.916	MarketProfile AUDUSD,H1: Timeframe should be set to M30, M15, or M5 for Daily session.
0	23:58:41.114	MarketProfile AUDUSD,H1: Timeframe should be set to M30, M15, or M5 for Daily session.
0	23:58:42.801	MarketProfile AUDUSD,H1: Timeframe should be set to M30, M15, or M5 for Daily session.
0	23:58:52.350	MarketProfile AUDUSD,H1: Timeframe should be set to M30, M15, or M5 for Daily session.
0	23:58:53.474	MarketProfile AUDUSD,H1: Timeframe should be set to M30, M15, or M5 for Daily session.
0	23:58:54.907	MarketProfile AUDUSD,H1: Timeframe should be set to M30, M15, or M5 for Daily session.
0	23:59:09.273	MarketProfile AUDUSD,H1: Timeframe should be set to M30, M15, or M5 for Daily session.
0	23:59:11.598	MarketProfile AUDUSD,H1: Timeframe should be set to M30, M15, or M5 for Daily session.
0	23:59:31.487	MarketProfile AUDUSD,H1: Timeframe should be set to M30, M15, or M5 for Daily session.
0	23:59:38.645	MarketProfile AUDUSD,H1: Timeframe should be set to M30, M15, or M5 for Daily session.
0	23:59:47.863	MarketProfile AUDUSD,H1: Timeframe should be set to M30, M15, or M5 for Daily session.
0	23:59:51.534	MarketProfile AUDUSD,H1: Timeframe should be set to M30, M15, or M5 for Daily session.
