0	09:12:11.362	TrendPower XAGUSD,H1: uninit reason 5
0	09:12:11.402	TrendPower XAGUSD,H1: initialized
0	09:17:02.833	TrendPower XAGUSD,H1: uninit reason 5
0	09:17:02.903	TrendPower XAGUSD,H1: initialized
0	11:25:58.170	Custom indicator Currency EURUSD,M15: loaded successfully
0	11:25:58.312	Currency EURUSD,M15: initialized
0	11:25:58.504	Custom indicator Currency GBPUSD,M15: loaded successfully
0	11:25:58.516	Custom indicator Stochastic GBPUSD,M15: loaded successfully
0	11:25:58.629	Currency GBPUSD,M15: initialized
0	11:25:58.642	Stochastic GBPUSD,M15: initialized
0	11:25:58.703	Custom indicator Currency USDCHF,M15: loaded successfully
0	11:25:58.710	Custom indicator Stochastic USDCHF,M15: loaded successfully
0	11:25:58.902	Currency USDCHF,M15: initialized
0	11:25:58.914	Stochastic USDCHF,M15: initialized
0	11:25:58.968	Custom indicator Currency USDJPY,M15: loaded successfully
0	11:25:58.975	Custom indicator Stochastic USDJPY,M15: loaded successfully
0	11:25:59.082	Currency USDJPY,M15: initialized
0	11:25:59.094	Stochastic USDJPY,M15: initialized
0	11:25:59.134	Custom indicator Currency USDCAD,M15: loaded successfully
0	11:25:59.141	Custom indicator Stochastic USDCAD,M15: loaded successfully
0	11:25:59.214	Currency USDCAD,M15: initialized
0	11:25:59.223	Stochastic USDCAD,M15: initialized
0	11:25:59.265	Custom indicator Currency AUDUSD,M15: loaded successfully
0	11:25:59.272	Custom indicator Stochastic AUDUSD,M15: loaded successfully
0	11:25:59.324	Currency AUDUSD,M15: initialized
0	11:25:59.337	Stochastic AUDUSD,M15: initialized
0	11:25:59.418	Custom indicator Currency NZDUSD,H1: loaded successfully
0	11:25:59.430	Custom indicator Stochastic NZDUSD,H1: loaded successfully
0	11:25:59.455	Currency NZDUSD,H1: initialized
0	11:25:59.461	Stochastic NZDUSD,H1: initialized
0	11:25:59.493	Custom indicator Currency GBPJPY,M15: loaded successfully
0	11:25:59.501	Custom indicator Stochastic GBPJPY,M15: loaded successfully
0	11:25:59.532	Currency GBPJPY,M15: initialized
0	11:25:59.538	Stochastic GBPJPY,M15: initialized
0	11:25:59.586	Custom indicator Currency EURGBP,M15: loaded successfully
0	11:25:59.594	Custom indicator Stochastic EURGBP,M15: loaded successfully
0	11:25:59.613	Currency EURGBP,M15: initialized
0	11:25:59.619	Stochastic EURGBP,M15: initialized
0	11:25:59.641	Custom indicator Currency GBPCHF,M15: loaded successfully
0	11:25:59.648	Custom indicator Stochastic GBPCHF,M15: loaded successfully
0	11:25:59.678	Currency GBPCHF,M15: initialized
0	11:25:59.684	Stochastic GBPCHF,M15: initialized
0	11:25:59.714	Custom indicator Currency USDRUB,M15: loaded successfully
0	11:25:59.731	Currency USDRUB,M15: initialized
0	11:25:59.766	Custom indicator Currency EURRUB,M15: loaded successfully
0	11:25:59.788	Currency EURRUB,M15: initialized
0	11:26:08.626	Currency EURUSD,M15: EURUSD : 226.91 : 0.88
0	11:26:08.627	Currency EURUSD,M15: EURGBP : 226.91 : 0.83
0	11:26:08.628	Currency EURUSD,M15: EURCHF : 226.91 : 0.77
0	11:26:08.628	Currency EURUSD,M15: EURJPY : 226.91 : 0.85
0	11:26:08.629	Currency EURUSD,M15: EURAUD : 226.91 : 0.82
0	11:26:08.630	Currency EURUSD,M15: EURCAD : 226.91 : 0.79
0	11:26:08.631	Currency EURUSD,M15: EURNZD : 226.91 : 0.74
0	11:26:08.631	Currency EURUSD,M15: GBPUSD : 284.62 : 0.7
0	11:26:08.631	Currency EURUSD,M15: USDCHF : 200 : 1.01
0	11:26:08.632	Currency EURUSD,M15: USDJPY : 200 : 1
0	11:26:08.632	Currency EURUSD,M15: AUDUSD : 153.21 : 1.29
0	11:26:08.633	Currency EURUSD,M15: USDCAD : 200 : 0.99
0	11:26:08.634	Currency EURUSD,M15: NZDUSD : 138.37 : 1.38
0	11:26:08.634	Currency EURUSD,M15: GBPCHF : 284.62 : 0.64
0	11:26:08.635	Currency EURUSD,M15: GBPJPY : 284.62 : 0.66
0	11:26:08.636	Currency EURUSD,M15: GBPAUD : 284.62 : 0.64
0	11:26:08.637	Currency EURUSD,M15: GBPCAD : 284.62 : 0.64
0	11:26:08.638	Currency EURUSD,M15: GBPNZD : 284.62 : 0.6
0	11:26:08.638	Currency EURUSD,M15: CHFJPY : 208.41 : 0.89
0	11:26:08.640	Currency EURUSD,M15: AUDCHF : 153.2 : 1.2
0	11:26:08.641	Currency EURUSD,M15: CADCHF : 156.3 : 1.19
0	11:26:08.643	Currency EURUSD,M15: NZDCHF : 138.36 : 1.25
0	11:26:08.644	Currency EURUSD,M15: AUDJPY : 153.2 : 1.21
0	11:26:08.645	Currency EURUSD,M15: CADJPY : 156.3 : 1.1
0	11:26:08.647	Currency EURUSD,M15: NZDJPY : 138.36 : 1.22
0	11:26:08.648	Currency EURUSD,M15: AUDCAD : 153.2 : 1.23
0	11:26:08.649	Currency EURUSD,M15: AUDNZD : 153.2 : 1.18
0	11:26:08.651	Currency EURUSD,M15: NZDCAD : 138.36 : 1.26
0	11:26:08.651	Currency EURUSD,M15: Пара | Стоимость лота | Размер лота
0	11:26:08.657	Currency GBPCHF,M15: EURUSD : 226.91 : 0.17
0	11:26:08.658	Currency GBPCHF,M15: EURGBP : 226.91 : 0.16
0	11:26:08.658	Currency GBPCHF,M15: EURCHF : 226.91 : 0.15
0	11:26:08.658	Currency GBPCHF,M15: EURJPY : 226.91 : 0.17
0	11:26:08.658	Currency GBPCHF,M15: EURAUD : 226.91 : 0.16
0	11:26:08.658	Currency GBPCHF,M15: EURCAD : 226.91 : 0.15
0	11:26:08.659	Currency GBPCHF,M15: EURNZD : 226.91 : 0.14
0	11:26:08.659	Currency GBPCHF,M15: GBPUSD : 284.62 : 0.14
0	11:26:08.659	Currency GBPCHF,M15: USDCHF : 200 : 0.2
0	11:26:08.659	Currency GBPCHF,M15: USDJPY : 200 : 0.2
0	11:26:08.659	Currency GBPCHF,M15: AUDUSD : 153.21 : 0.25
0	11:26:08.660	Currency GBPCHF,M15: USDCAD : 200 : 0.19
0	11:26:08.660	Currency GBPCHF,M15: NZDUSD : 138.37 : 0.27
0	11:26:08.661	Currency GBPCHF,M15: GBPCHF : 284.62 : 0.12
0	11:26:08.661	Currency GBPCHF,M15: GBPJPY : 284.62 : 0.13
0	11:26:08.661	Currency GBPCHF,M15: GBPAUD : 284.62 : 0.12
0	11:26:08.661	Currency GBPCHF,M15: GBPCAD : 284.62 : 0.12
0	11:26:08.661	Currency GBPCHF,M15: GBPNZD : 284.62 : 0.12
0	11:26:08.661	Currency GBPCHF,M15: CHFJPY : 208.41 : 0.17
0	11:26:08.662	Currency GBPCHF,M15: AUDCHF : 153.2 : 0.24
0	11:26:08.662	Currency GBPCHF,M15: CADCHF : 156.3 : 0.23
0	11:26:08.662	Currency GBPCHF,M15: NZDCHF : 138.36 : 0.25
0	11:26:08.662	Currency GBPCHF,M15: AUDJPY : 153.2 : 0.24
0	11:26:08.662	Currency GBPCHF,M15: CADJPY : 156.3 : 0.22
0	11:26:08.663	Currency GBPCHF,M15: NZDJPY : 138.36 : 0.24
0	11:26:08.663	Currency GBPCHF,M15: AUDCAD : 153.2 : 0.24
0	11:26:08.663	Currency GBPCHF,M15: AUDNZD : 153.2 : 0.23
0	11:26:08.663	Currency GBPCHF,M15: NZDCAD : 138.36 : 0.25
0	11:26:08.663	Currency GBPCHF,M15: Пара | Стоимость лота | Размер лота
0	11:26:08.665	Currency USDRUB,M15: EURUSD : 226.91 : 0.17
0	11:26:08.665	Currency USDRUB,M15: EURGBP : 226.91 : 0.16
0	11:26:08.665	Currency USDRUB,M15: EURCHF : 226.91 : 0.15
0	11:26:08.665	Currency USDRUB,M15: EURJPY : 226.91 : 0.17
0	11:26:08.665	Currency USDRUB,M15: EURAUD : 226.91 : 0.16
0	11:26:08.666	Currency USDRUB,M15: EURCAD : 226.91 : 0.15
0	11:26:08.666	Currency USDRUB,M15: EURNZD : 226.91 : 0.14
0	11:26:08.666	Currency USDRUB,M15: GBPUSD : 284.62 : 0.14
0	11:26:08.666	Currency USDRUB,M15: USDCHF : 200 : 0.2
0	11:26:08.666	Currency USDRUB,M15: USDJPY : 200 : 0.2
0	11:26:08.666	Currency USDRUB,M15: AUDUSD : 153.21 : 0.25
0	11:26:08.666	Currency USDRUB,M15: USDCAD : 200 : 0.19
0	11:26:08.666	Currency USDRUB,M15: NZDUSD : 138.37 : 0.27
0	11:26:08.667	Currency USDRUB,M15: GBPCHF : 284.62 : 0.12
0	11:26:08.667	Currency USDRUB,M15: GBPJPY : 284.62 : 0.13
0	11:26:08.667	Currency USDRUB,M15: GBPAUD : 284.62 : 0.12
0	11:26:08.667	Currency USDRUB,M15: GBPCAD : 284.62 : 0.12
0	11:26:08.667	Currency USDRUB,M15: GBPNZD : 284.62 : 0.12
0	11:26:08.667	Currency USDRUB,M15: CHFJPY : 208.41 : 0.17
0	11:26:08.667	Currency USDRUB,M15: AUDCHF : 153.2 : 0.24
0	11:26:08.668	Currency USDRUB,M15: CADCHF : 156.3 : 0.23
0	11:26:08.668	Currency USDRUB,M15: NZDCHF : 138.36 : 0.25
0	11:26:08.668	Currency USDRUB,M15: AUDJPY : 153.2 : 0.24
0	11:26:08.668	Currency USDRUB,M15: CADJPY : 156.3 : 0.22
0	11:26:08.668	Currency USDRUB,M15: NZDJPY : 138.36 : 0.24
0	11:26:08.669	Currency USDRUB,M15: AUDCAD : 153.2 : 0.24
0	11:26:08.669	Currency USDRUB,M15: AUDNZD : 153.2 : 0.23
0	11:26:08.669	Currency USDRUB,M15: NZDCAD : 138.36 : 0.25
0	11:26:08.669	Currency USDRUB,M15: Пара | Стоимость лота | Размер лота
0	11:26:08.671	Currency EURRUB,M15: EURUSD : 226.91 : 0.17
0	11:26:08.671	Currency EURRUB,M15: EURGBP : 226.91 : 0.16
0	11:26:08.671	Currency EURRUB,M15: EURCHF : 226.91 : 0.15
0	11:26:08.671	Currency EURRUB,M15: EURJPY : 226.91 : 0.17
0	11:26:08.671	Currency EURRUB,M15: EURAUD : 226.91 : 0.16
0	11:26:08.671	Currency EURRUB,M15: EURCAD : 226.91 : 0.15
0	11:26:08.671	Currency EURRUB,M15: EURNZD : 226.91 : 0.14
0	11:26:08.672	Currency EURRUB,M15: GBPUSD : 284.62 : 0.14
0	11:26:08.672	Currency EURRUB,M15: USDCHF : 200 : 0.2
0	11:26:08.672	Currency EURRUB,M15: USDJPY : 200 : 0.2
0	11:26:08.672	Currency EURRUB,M15: AUDUSD : 153.21 : 0.25
0	11:26:08.672	Currency EURRUB,M15: USDCAD : 200 : 0.19
0	11:26:08.672	Currency EURRUB,M15: NZDUSD : 138.37 : 0.27
0	11:26:08.672	Currency EURRUB,M15: GBPCHF : 284.62 : 0.12
0	11:26:08.673	Currency EURRUB,M15: GBPJPY : 284.62 : 0.13
0	11:26:08.673	Currency EURRUB,M15: GBPAUD : 284.62 : 0.12
0	11:26:08.673	Currency EURRUB,M15: GBPCAD : 284.62 : 0.12
0	11:26:08.673	Currency EURRUB,M15: GBPNZD : 284.62 : 0.12
0	11:26:08.673	Currency EURRUB,M15: CHFJPY : 208.41 : 0.17
0	11:26:08.673	Currency EURRUB,M15: AUDCHF : 153.2 : 0.24
0	11:26:08.674	Currency EURRUB,M15: CADCHF : 156.3 : 0.23
0	11:26:08.674	Currency EURRUB,M15: NZDCHF : 138.36 : 0.25
0	11:26:08.674	Currency EURRUB,M15: AUDJPY : 153.2 : 0.24
0	11:26:08.674	Currency EURRUB,M15: CADJPY : 156.3 : 0.22
0	11:26:08.674	Currency EURRUB,M15: NZDJPY : 138.36 : 0.24
0	11:26:08.675	Currency EURRUB,M15: AUDCAD : 153.2 : 0.24
0	11:26:08.675	Currency EURRUB,M15: AUDNZD : 153.2 : 0.23
0	11:26:08.675	Currency EURRUB,M15: NZDCAD : 138.36 : 0.25
0	11:26:08.675	Currency EURRUB,M15: Пара | Стоимость лота | Размер лота
0	11:26:08.677	Currency GBPJPY,M15: EURUSD : 226.91 : 0.17
0	11:26:08.677	Currency GBPJPY,M15: EURGBP : 226.91 : 0.16
0	11:26:08.677	Currency GBPJPY,M15: EURCHF : 226.91 : 0.15
0	11:26:08.677	Currency GBPJPY,M15: EURJPY : 226.91 : 0.17
0	11:26:08.678	Currency GBPJPY,M15: EURAUD : 226.91 : 0.16
0	11:26:08.678	Currency GBPJPY,M15: EURCAD : 226.91 : 0.15
0	11:26:08.678	Currency GBPJPY,M15: EURNZD : 226.91 : 0.14
0	11:26:08.678	Currency GBPJPY,M15: GBPUSD : 284.62 : 0.14
0	11:26:08.678	Currency GBPJPY,M15: USDCHF : 200 : 0.2
0	11:26:08.678	Currency GBPJPY,M15: USDJPY : 200 : 0.2
0	11:26:08.678	Currency GBPJPY,M15: AUDUSD : 153.21 : 0.25
0	11:26:08.678	Currency GBPJPY,M15: USDCAD : 200 : 0.19
0	11:26:08.678	Currency GBPJPY,M15: NZDUSD : 138.37 : 0.27
0	11:26:08.679	Currency GBPJPY,M15: GBPCHF : 284.62 : 0.12
0	11:26:08.679	Currency GBPJPY,M15: GBPJPY : 284.62 : 0.13
0	11:26:08.679	Currency GBPJPY,M15: GBPAUD : 284.62 : 0.12
0	11:26:08.679	Currency GBPJPY,M15: GBPCAD : 284.62 : 0.12
0	11:26:08.679	Currency GBPJPY,M15: GBPNZD : 284.62 : 0.12
0	11:26:08.679	Currency GBPJPY,M15: CHFJPY : 208.41 : 0.17
0	11:26:08.679	Currency GBPJPY,M15: AUDCHF : 153.2 : 0.24
0	11:26:08.680	Currency GBPJPY,M15: CADCHF : 156.3 : 0.23
0	11:26:08.680	Currency GBPJPY,M15: NZDCHF : 138.36 : 0.25
0	11:26:08.680	Currency GBPJPY,M15: AUDJPY : 153.2 : 0.24
0	11:26:08.680	Currency GBPJPY,M15: CADJPY : 156.3 : 0.22
0	11:26:08.680	Currency GBPJPY,M15: NZDJPY : 138.36 : 0.24
0	11:26:08.681	Currency GBPJPY,M15: AUDCAD : 153.2 : 0.24
0	11:26:08.681	Currency GBPJPY,M15: AUDNZD : 153.2 : 0.23
0	11:26:08.681	Currency GBPJPY,M15: NZDCAD : 138.36 : 0.25
0	11:26:08.681	Currency GBPJPY,M15: Пара | Стоимость лота | Размер лота
0	11:26:08.683	Currency NZDUSD,H1: EURUSD : 226.91 : 0.17
0	11:26:08.683	Currency NZDUSD,H1: EURGBP : 226.91 : 0.16
0	11:26:08.683	Currency NZDUSD,H1: EURCHF : 226.91 : 0.15
0	11:26:08.683	Currency NZDUSD,H1: EURJPY : 226.91 : 0.17
0	11:26:08.683	Currency NZDUSD,H1: EURAUD : 226.91 : 0.16
0	11:26:08.683	Currency NZDUSD,H1: EURCAD : 226.91 : 0.15
0	11:26:08.683	Currency NZDUSD,H1: EURNZD : 226.91 : 0.14
0	11:26:08.684	Currency NZDUSD,H1: GBPUSD : 284.62 : 0.14
0	11:26:08.684	Currency NZDUSD,H1: USDCHF : 200 : 0.2
0	11:26:08.684	Currency NZDUSD,H1: USDJPY : 200 : 0.2
0	11:26:08.684	Currency NZDUSD,H1: AUDUSD : 153.21 : 0.25
0	11:26:08.684	Currency NZDUSD,H1: USDCAD : 200 : 0.19
0	11:26:08.684	Currency NZDUSD,H1: NZDUSD : 138.37 : 0.27
0	11:26:08.684	Currency NZDUSD,H1: GBPCHF : 284.62 : 0.12
0	11:26:08.684	Currency NZDUSD,H1: GBPJPY : 284.62 : 0.13
0	11:26:08.685	Currency NZDUSD,H1: GBPAUD : 284.62 : 0.12
0	11:26:08.685	Currency NZDUSD,H1: GBPCAD : 284.62 : 0.12
0	11:26:08.685	Currency NZDUSD,H1: GBPNZD : 284.62 : 0.12
0	11:26:08.685	Currency NZDUSD,H1: CHFJPY : 208.41 : 0.17
0	11:26:08.685	Currency NZDUSD,H1: AUDCHF : 153.2 : 0.24
0	11:26:08.685	Currency NZDUSD,H1: CADCHF : 156.3 : 0.23
0	11:26:08.686	Currency NZDUSD,H1: NZDCHF : 138.36 : 0.25
0	11:26:08.686	Currency NZDUSD,H1: AUDJPY : 153.2 : 0.24
0	11:26:08.686	Currency NZDUSD,H1: CADJPY : 156.3 : 0.22
0	11:26:08.686	Currency NZDUSD,H1: NZDJPY : 138.36 : 0.24
0	11:26:08.687	Currency NZDUSD,H1: AUDCAD : 153.2 : 0.24
0	11:26:08.687	Currency NZDUSD,H1: AUDNZD : 153.2 : 0.23
0	11:26:08.687	Currency NZDUSD,H1: NZDCAD : 138.36 : 0.25
0	11:26:08.687	Currency NZDUSD,H1: Пара | Стоимость лота | Размер лота
0	11:26:08.689	Currency AUDUSD,M15: EURUSD : 226.91 : 0.17
0	11:26:08.689	Currency AUDUSD,M15: EURGBP : 226.91 : 0.16
0	11:26:08.689	Currency AUDUSD,M15: EURCHF : 226.91 : 0.15
0	11:26:08.689	Currency AUDUSD,M15: EURJPY : 226.91 : 0.17
0	11:26:08.689	Currency AUDUSD,M15: EURAUD : 226.91 : 0.16
0	11:26:08.689	Currency AUDUSD,M15: EURCAD : 226.91 : 0.15
0	11:26:08.689	Currency AUDUSD,M15: EURNZD : 226.91 : 0.14
0	11:26:08.689	Currency AUDUSD,M15: GBPUSD : 284.62 : 0.14
0	11:26:08.690	Currency AUDUSD,M15: USDCHF : 200 : 0.2
0	11:26:08.690	Currency AUDUSD,M15: USDJPY : 200 : 0.2
0	11:26:08.690	Currency AUDUSD,M15: AUDUSD : 153.21 : 0.25
0	11:26:08.690	Currency AUDUSD,M15: USDCAD : 200 : 0.19
0	11:26:08.690	Currency AUDUSD,M15: NZDUSD : 138.37 : 0.27
0	11:26:08.690	Currency AUDUSD,M15: GBPCHF : 284.62 : 0.12
0	11:26:08.690	Currency AUDUSD,M15: GBPJPY : 284.62 : 0.13
0	11:26:08.690	Currency AUDUSD,M15: GBPAUD : 284.62 : 0.12
0	11:26:08.691	Currency AUDUSD,M15: GBPCAD : 284.62 : 0.12
0	11:26:08.691	Currency AUDUSD,M15: GBPNZD : 284.62 : 0.12
0	11:26:08.691	Currency AUDUSD,M15: CHFJPY : 208.41 : 0.17
0	11:26:08.691	Currency AUDUSD,M15: AUDCHF : 153.2 : 0.24
0	11:26:08.691	Currency AUDUSD,M15: CADCHF : 156.3 : 0.23
0	11:26:08.691	Currency AUDUSD,M15: NZDCHF : 138.36 : 0.25
0	11:26:08.692	Currency AUDUSD,M15: AUDJPY : 153.2 : 0.24
0	11:26:08.692	Currency AUDUSD,M15: CADJPY : 156.3 : 0.22
0	11:26:08.692	Currency AUDUSD,M15: NZDJPY : 138.36 : 0.24
0	11:26:08.692	Currency AUDUSD,M15: AUDCAD : 153.2 : 0.24
0	11:26:08.692	Currency AUDUSD,M15: AUDNZD : 153.2 : 0.23
0	11:26:08.693	Currency AUDUSD,M15: NZDCAD : 138.36 : 0.25
0	11:26:08.693	Currency AUDUSD,M15: Пара | Стоимость лота | Размер лота
0	11:26:08.697	Currency USDJPY,M15: EURUSD : 226.91 : 0.17
0	11:26:08.697	Currency USDJPY,M15: EURGBP : 226.91 : 0.16
0	11:26:08.697	Currency USDJPY,M15: EURCHF : 226.91 : 0.15
0	11:26:08.697	Currency USDJPY,M15: EURJPY : 226.91 : 0.17
0	11:26:08.697	Currency USDJPY,M15: EURAUD : 226.91 : 0.16
0	11:26:08.698	Currency USDJPY,M15: EURCAD : 226.91 : 0.15
0	11:26:08.698	Currency USDJPY,M15: EURNZD : 226.91 : 0.14
0	11:26:08.698	Currency USDJPY,M15: GBPUSD : 284.62 : 0.14
0	11:26:08.698	Currency USDJPY,M15: USDCHF : 200 : 0.2
0	11:26:08.698	Currency USDJPY,M15: USDJPY : 200 : 0.2
0	11:26:08.698	Currency USDJPY,M15: AUDUSD : 153.21 : 0.25
0	11:26:08.698	Currency USDJPY,M15: USDCAD : 200 : 0.19
0	11:26:08.698	Currency USDJPY,M15: NZDUSD : 138.37 : 0.27
0	11:26:08.698	Currency USDJPY,M15: GBPCHF : 284.62 : 0.12
0	11:26:08.699	Currency USDJPY,M15: GBPJPY : 284.62 : 0.13
0	11:26:08.699	Currency USDJPY,M15: GBPAUD : 284.62 : 0.12
0	11:26:08.699	Currency USDJPY,M15: GBPCAD : 284.62 : 0.12
0	11:26:08.699	Currency USDJPY,M15: GBPNZD : 284.62 : 0.12
0	11:26:08.699	Currency USDJPY,M15: CHFJPY : 208.41 : 0.17
0	11:26:08.699	Currency USDJPY,M15: AUDCHF : 153.2 : 0.24
0	11:26:08.699	Currency USDJPY,M15: CADCHF : 156.3 : 0.23
0	11:26:08.700	Currency USDJPY,M15: NZDCHF : 138.36 : 0.25
0	11:26:08.700	Currency USDJPY,M15: AUDJPY : 153.2 : 0.24
0	11:26:08.700	Currency USDJPY,M15: CADJPY : 156.3 : 0.22
0	11:26:08.700	Currency USDJPY,M15: NZDJPY : 138.36 : 0.24
0	11:26:08.701	Currency USDJPY,M15: AUDCAD : 153.2 : 0.24
0	11:26:08.701	Currency USDJPY,M15: AUDNZD : 153.2 : 0.23
0	11:26:08.701	Currency USDJPY,M15: NZDCAD : 138.36 : 0.25
0	11:26:08.701	Currency USDJPY,M15: Пара | Стоимость лота | Размер лота
0	11:26:08.729	Currency USDCHF,M15: EURUSD : 226.91 : 0.17
0	11:26:08.729	Currency USDCHF,M15: EURGBP : 226.91 : 0.16
0	11:26:08.729	Currency USDCHF,M15: EURCHF : 226.91 : 0.15
0	11:26:08.730	Currency USDCHF,M15: EURJPY : 226.91 : 0.17
0	11:26:08.730	Currency USDCHF,M15: EURAUD : 226.91 : 0.16
0	11:26:08.730	Currency USDCHF,M15: EURCAD : 226.91 : 0.15
0	11:26:08.730	Currency USDCHF,M15: EURNZD : 226.91 : 0.14
0	11:26:08.730	Currency USDCHF,M15: GBPUSD : 284.62 : 0.14
0	11:26:08.731	Currency USDCHF,M15: USDCHF : 200 : 0.2
0	11:26:08.731	Currency USDCHF,M15: USDJPY : 200 : 0.2
0	11:26:08.731	Currency USDCHF,M15: AUDUSD : 153.21 : 0.25
0	11:26:08.731	Currency USDCHF,M15: USDCAD : 200 : 0.19
0	11:26:08.731	Currency USDCHF,M15: NZDUSD : 138.37 : 0.27
0	11:26:08.732	Currency USDCHF,M15: GBPCHF : 284.62 : 0.12
0	11:26:08.732	Currency USDCHF,M15: GBPJPY : 284.62 : 0.13
0	11:26:08.732	Currency USDCHF,M15: GBPAUD : 284.62 : 0.12
0	11:26:08.732	Currency USDCHF,M15: GBPCAD : 284.62 : 0.12
0	11:26:08.732	Currency USDCHF,M15: GBPNZD : 284.62 : 0.12
0	11:26:08.732	Currency USDCHF,M15: CHFJPY : 208.41 : 0.17
0	11:26:08.732	Currency USDCHF,M15: AUDCHF : 153.2 : 0.24
0	11:26:08.733	Currency USDCHF,M15: CADCHF : 156.3 : 0.23
0	11:26:08.733	Currency USDCHF,M15: NZDCHF : 138.36 : 0.25
0	11:26:08.733	Currency USDCHF,M15: AUDJPY : 153.2 : 0.24
0	11:26:08.733	Currency USDCHF,M15: CADJPY : 156.3 : 0.22
0	11:26:08.733	Currency USDCHF,M15: NZDJPY : 138.36 : 0.24
0	11:26:08.734	Currency USDCHF,M15: AUDCAD : 153.2 : 0.24
0	11:26:08.734	Currency USDCHF,M15: AUDNZD : 153.2 : 0.23
0	11:26:08.734	Currency USDCHF,M15: NZDCAD : 138.36 : 0.25
0	11:26:08.734	Currency USDCHF,M15: Пара | Стоимость лота | Размер лота
0	11:26:08.741	Currency EURGBP,M15: EURUSD : 226.91 : 0.17
0	11:26:08.741	Currency EURGBP,M15: EURGBP : 226.91 : 0.16
0	11:26:08.741	Currency EURGBP,M15: EURCHF : 226.91 : 0.15
0	11:26:08.741	Currency EURGBP,M15: EURJPY : 226.91 : 0.17
0	11:26:08.741	Currency EURGBP,M15: EURAUD : 226.91 : 0.16
0	11:26:08.741	Currency EURGBP,M15: EURCAD : 226.91 : 0.15
0	11:26:08.742	Currency EURGBP,M15: EURNZD : 226.91 : 0.14
0	11:26:08.742	Currency EURGBP,M15: GBPUSD : 284.62 : 0.14
0	11:26:08.742	Currency EURGBP,M15: USDCHF : 200 : 0.2
0	11:26:08.742	Currency EURGBP,M15: USDJPY : 200 : 0.2
0	11:26:08.742	Currency EURGBP,M15: AUDUSD : 153.21 : 0.25
0	11:26:08.742	Currency EURGBP,M15: USDCAD : 200 : 0.19
0	11:26:08.742	Currency EURGBP,M15: NZDUSD : 138.37 : 0.27
0	11:26:08.742	Currency EURGBP,M15: GBPCHF : 284.62 : 0.12
0	11:26:08.742	Currency EURGBP,M15: GBPJPY : 284.62 : 0.13
0	11:26:08.743	Currency EURGBP,M15: GBPAUD : 284.62 : 0.12
0	11:26:08.743	Currency EURGBP,M15: GBPCAD : 284.62 : 0.12
0	11:26:08.743	Currency EURGBP,M15: GBPNZD : 284.62 : 0.12
0	11:26:08.743	Currency EURGBP,M15: CHFJPY : 208.41 : 0.17
0	11:26:08.743	Currency EURGBP,M15: AUDCHF : 153.2 : 0.24
0	11:26:08.743	Currency EURGBP,M15: CADCHF : 156.3 : 0.23
0	11:26:08.744	Currency EURGBP,M15: NZDCHF : 138.36 : 0.25
0	11:26:08.744	Currency EURGBP,M15: AUDJPY : 153.2 : 0.24
0	11:26:08.744	Currency EURGBP,M15: CADJPY : 156.3 : 0.22
0	11:26:08.744	Currency EURGBP,M15: NZDJPY : 138.36 : 0.24
0	11:26:08.744	Currency EURGBP,M15: AUDCAD : 153.2 : 0.24
0	11:26:08.745	Currency EURGBP,M15: AUDNZD : 153.2 : 0.23
0	11:26:08.745	Currency EURGBP,M15: NZDCAD : 138.36 : 0.25
0	11:26:08.745	Currency EURGBP,M15: Пара | Стоимость лота | Размер лота
0	11:26:08.748	Currency USDCAD,M15: EURUSD : 226.91 : 0.17
0	11:26:08.748	Currency USDCAD,M15: EURGBP : 226.91 : 0.16
0	11:26:08.748	Currency USDCAD,M15: EURCHF : 226.91 : 0.15
0	11:26:08.748	Currency USDCAD,M15: EURJPY : 226.91 : 0.17
0	11:26:08.748	Currency USDCAD,M15: EURAUD : 226.91 : 0.16
0	11:26:08.748	Currency USDCAD,M15: EURCAD : 226.91 : 0.15
0	11:26:08.748	Currency USDCAD,M15: EURNZD : 226.91 : 0.14
0	11:26:08.748	Currency USDCAD,M15: GBPUSD : 284.62 : 0.14
0	11:26:08.749	Currency USDCAD,M15: USDCHF : 200 : 0.2
0	11:26:08.749	Currency USDCAD,M15: USDJPY : 200 : 0.2
0	11:26:08.749	Currency USDCAD,M15: AUDUSD : 153.21 : 0.25
0	11:26:08.749	Currency USDCAD,M15: USDCAD : 200 : 0.19
0	11:26:08.749	Currency USDCAD,M15: NZDUSD : 138.37 : 0.27
0	11:26:08.749	Currency USDCAD,M15: GBPCHF : 284.62 : 0.12
0	11:26:08.749	Currency USDCAD,M15: GBPJPY : 284.62 : 0.13
0	11:26:08.749	Currency USDCAD,M15: GBPAUD : 284.62 : 0.12
0	11:26:08.750	Currency USDCAD,M15: GBPCAD : 284.62 : 0.12
0	11:26:08.750	Currency USDCAD,M15: GBPNZD : 284.62 : 0.12
0	11:26:08.750	Currency USDCAD,M15: CHFJPY : 208.41 : 0.17
0	11:26:08.750	Currency USDCAD,M15: AUDCHF : 153.2 : 0.24
0	11:26:08.750	Currency USDCAD,M15: CADCHF : 156.3 : 0.23
0	11:26:08.750	Currency USDCAD,M15: NZDCHF : 138.36 : 0.25
0	11:26:08.751	Currency USDCAD,M15: AUDJPY : 153.2 : 0.24
0	11:26:08.751	Currency USDCAD,M15: CADJPY : 156.3 : 0.22
0	11:26:08.751	Currency USDCAD,M15: NZDJPY : 138.36 : 0.24
0	11:26:08.751	Currency USDCAD,M15: AUDCAD : 153.2 : 0.24
0	11:26:08.751	Currency USDCAD,M15: AUDNZD : 153.2 : 0.23
0	11:26:08.752	Currency USDCAD,M15: NZDCAD : 138.36 : 0.25
0	11:26:08.752	Currency USDCAD,M15: Пара | Стоимость лота | Размер лота
0	11:26:08.759	Currency GBPUSD,M15: EURUSD : 226.91 : 0.17
0	11:26:08.759	Currency GBPUSD,M15: EURGBP : 226.91 : 0.16
0	11:26:08.759	Currency GBPUSD,M15: EURCHF : 226.91 : 0.15
0	11:26:08.759	Currency GBPUSD,M15: EURJPY : 226.91 : 0.17
0	11:26:08.759	Currency GBPUSD,M15: EURAUD : 226.91 : 0.16
0	11:26:08.759	Currency GBPUSD,M15: EURCAD : 226.91 : 0.15
0	11:26:08.760	Currency GBPUSD,M15: EURNZD : 226.91 : 0.14
0	11:26:08.760	Currency GBPUSD,M15: GBPUSD : 284.62 : 0.14
0	11:26:08.760	Currency GBPUSD,M15: USDCHF : 200 : 0.2
0	11:26:08.760	Currency GBPUSD,M15: USDJPY : 200 : 0.2
0	11:26:08.760	Currency GBPUSD,M15: AUDUSD : 153.21 : 0.25
0	11:26:08.760	Currency GBPUSD,M15: USDCAD : 200 : 0.19
0	11:26:08.760	Currency GBPUSD,M15: NZDUSD : 138.37 : 0.27
0	11:26:08.760	Currency GBPUSD,M15: GBPCHF : 284.62 : 0.12
0	11:26:08.761	Currency GBPUSD,M15: GBPJPY : 284.62 : 0.13
0	11:26:08.761	Currency GBPUSD,M15: GBPAUD : 284.62 : 0.12
0	11:26:08.761	Currency GBPUSD,M15: GBPCAD : 284.62 : 0.12
0	11:26:08.761	Currency GBPUSD,M15: GBPNZD : 284.62 : 0.12
0	11:26:08.761	Currency GBPUSD,M15: CHFJPY : 208.41 : 0.17
0	11:26:08.761	Currency GBPUSD,M15: AUDCHF : 153.2 : 0.24
0	11:26:08.761	Currency GBPUSD,M15: CADCHF : 156.3 : 0.23
0	11:26:08.762	Currency GBPUSD,M15: NZDCHF : 138.36 : 0.25
0	11:26:08.762	Currency GBPUSD,M15: AUDJPY : 153.2 : 0.24
0	11:26:08.762	Currency GBPUSD,M15: CADJPY : 156.3 : 0.22
0	11:26:08.762	Currency GBPUSD,M15: NZDJPY : 138.36 : 0.24
0	11:26:08.762	Currency GBPUSD,M15: AUDCAD : 153.2 : 0.24
0	11:26:08.763	Currency GBPUSD,M15: AUDNZD : 153.2 : 0.23
0	11:26:08.763	Currency GBPUSD,M15: NZDCAD : 138.36 : 0.25
0	11:26:08.763	Currency GBPUSD,M15: Пара | Стоимость лота | Размер лота
3	13:42:00.624	Expert adaptive-scalper-ea EURUSD,M15: is a demo version that can be run only in the Strategy Tester. To use the product without limitations, purchase the full version from the Market
0	13:42:08.404	Expert adaptive-scalper-ea EURUSD,M15: removed
0	13:58:51.375	Compiling 'eee'
0	16:18:12.556	Compiling 'ax_adv_009_2'
0	16:18:14.182	Compiling 'SoeHoeCom_adaptive-scalper-ea'
0	16:25:34.448	Compiling 'ax_adv_009_2'
0	16:27:22.742	Expert ax_adv_009_2 XAGUSD,H1: loaded successfully
0	16:27:24.981	Expert ax_adv_009_2 XAGUSD,H1: removed
0	16:29:05.006	Currency EURUSD,M15: uninit reason 9
0	16:29:05.022	Currency GBPUSD,M15: uninit reason 9
0	16:29:05.024	Stochastic GBPUSD,M15: uninit reason 9
0	16:29:05.053	Currency USDCHF,M15: uninit reason 9
0	16:29:05.053	Stochastic USDCHF,M15: uninit reason 9
0	16:29:05.057	Currency USDJPY,M15: uninit reason 9
0	16:29:05.057	Stochastic USDJPY,M15: uninit reason 9
0	16:29:05.057	Currency USDCAD,M15: uninit reason 9
0	16:29:05.064	Stochastic USDCAD,M15: uninit reason 9
0	16:29:05.064	Currency AUDUSD,M15: uninit reason 9
0	16:29:05.064	Stochastic AUDUSD,M15: uninit reason 9
0	16:29:05.064	Currency NZDUSD,H1: uninit reason 9
0	16:29:05.064	Stochastic NZDUSD,H1: uninit reason 9
0	16:29:05.064	Currency GBPJPY,M15: uninit reason 9
0	16:29:05.077	Stochastic GBPJPY,M15: uninit reason 9
0	16:29:05.099	Currency EURGBP,M15: uninit reason 9
0	16:29:05.099	Stochastic EURGBP,M15: uninit reason 9
0	16:29:05.127	Currency GBPCHF,M15: uninit reason 9
0	16:29:05.127	Stochastic GBPCHF,M15: uninit reason 9
0	16:29:05.127	Currency USDRUB,M15: uninit reason 9
0	16:29:05.135	Currency EURRUB,M15: uninit reason 9
0	16:29:05.475	Custom indicator Currency EURUSD,M15: removed
0	16:29:05.659	Custom indicator Currency GBPUSD,M15: removed
0	16:29:05.670	Custom indicator Stochastic GBPUSD,M15: removed
0	16:29:05.704	Custom indicator Currency USDCHF,M15: removed
0	16:29:05.706	Custom indicator Stochastic USDCHF,M15: removed
0	16:29:05.716	Custom indicator Currency USDJPY,M15: removed
0	16:29:05.717	Custom indicator Stochastic USDJPY,M15: removed
0	16:29:05.747	Custom indicator Currency USDCAD,M15: removed
0	16:29:05.756	Custom indicator Stochastic USDCAD,M15: removed
0	16:29:05.782	Custom indicator Currency AUDUSD,M15: removed
0	16:29:05.787	Custom indicator Stochastic AUDUSD,M15: removed
0	16:29:05.805	Custom indicator Currency NZDUSD,H1: removed
0	16:29:05.816	Custom indicator Stochastic NZDUSD,H1: removed
0	16:29:05.836	Custom indicator Currency GBPJPY,M15: removed
0	16:29:05.842	Custom indicator Stochastic GBPJPY,M15: removed
0	16:29:05.911	Custom indicator Currency EURGBP,M15: removed
0	16:29:05.917	Custom indicator Stochastic EURGBP,M15: removed
0	16:29:05.953	Custom indicator Currency GBPCHF,M15: removed
0	16:29:05.964	Custom indicator Stochastic GBPCHF,M15: removed
0	16:29:06.024	Custom indicator Currency USDRUB,M15: removed
0	16:29:06.057	Custom indicator Currency EURRUB,M15: removed
0	16:29:32.704	Custom indicator Currency EURUSD,M15: loaded successfully
0	16:29:32.737	Currency EURUSD,M15: initialized
0	16:29:32.763	Custom indicator Currency GBPUSD,M15: loaded successfully
0	16:29:32.771	Custom indicator Stochastic GBPUSD,M15: loaded successfully
0	16:29:32.808	Currency GBPUSD,M15: initialized
0	16:29:32.814	Stochastic GBPUSD,M15: initialized
0	16:29:32.842	Custom indicator Currency USDCHF,M15: loaded successfully
0	16:29:32.849	Custom indicator Stochastic USDCHF,M15: loaded successfully
0	16:29:32.878	Currency USDCHF,M15: initialized
0	16:29:32.884	Stochastic USDCHF,M15: initialized
0	16:29:32.904	Custom indicator Currency USDJPY,M15: loaded successfully
0	16:29:32.911	Custom indicator Stochastic USDJPY,M15: loaded successfully
0	16:29:32.991	Currency USDJPY,M15: initialized
0	16:29:33.000	Stochastic USDJPY,M15: initialized
0	16:29:33.038	Custom indicator Currency USDCAD,M15: loaded successfully
0	16:29:33.045	Custom indicator Stochastic USDCAD,M15: loaded successfully
0	16:29:33.081	Currency USDCAD,M15: initialized
0	16:29:33.087	Stochastic USDCAD,M15: initialized
0	16:29:33.123	Custom indicator Currency AUDUSD,M15: loaded successfully
0	16:29:33.130	Custom indicator Stochastic AUDUSD,M15: loaded successfully
0	16:29:33.194	Currency AUDUSD,M15: initialized
0	16:29:33.206	Stochastic AUDUSD,M15: initialized
0	16:29:33.239	Custom indicator Currency NZDUSD,H1: loaded successfully
0	16:29:33.246	Custom indicator Stochastic NZDUSD,H1: loaded successfully
0	16:29:33.292	Currency NZDUSD,H1: initialized
0	16:29:33.298	Stochastic NZDUSD,H1: initialized
0	16:29:33.317	Custom indicator Currency GBPJPY,M15: loaded successfully
0	16:29:33.325	Custom indicator Stochastic GBPJPY,M15: loaded successfully
0	16:29:33.335	Currency GBPJPY,M15: initialized
0	16:29:33.341	Stochastic GBPJPY,M15: initialized
0	16:29:33.364	Custom indicator Currency EURGBP,M15: loaded successfully
0	16:29:33.371	Custom indicator Stochastic EURGBP,M15: loaded successfully
0	16:29:33.397	Currency EURGBP,M15: initialized
0	16:29:33.403	Stochastic EURGBP,M15: initialized
0	16:29:33.420	Custom indicator Currency GBPCHF,M15: loaded successfully
0	16:29:33.427	Custom indicator Stochastic GBPCHF,M15: loaded successfully
0	16:29:33.437	Currency GBPCHF,M15: initialized
0	16:29:33.443	Stochastic GBPCHF,M15: initialized
0	16:29:33.510	Custom indicator Currency USDRUB,M15: loaded successfully
0	16:29:33.532	Currency USDRUB,M15: initialized
0	16:29:33.582	Custom indicator Currency EURRUB,M15: loaded successfully
0	16:29:33.606	Currency EURRUB,M15: initialized
0	16:29:34.513	Expert ax_adv_009_2 XAGUSD,H1: loaded successfully
0	16:29:40.494	Expert ax_adv_009_2 XAGUSD,H1: removed
0	16:29:43.066	Currency EURUSD,M15: EURUSD : 226.21 : 0.89
0	16:29:43.067	Currency EURUSD,M15: EURGBP : 226.21 : 0.83
0	16:29:43.067	Currency EURUSD,M15: EURCHF : 226.21 : 0.77
0	16:29:43.068	Currency EURUSD,M15: EURJPY : 226.21 : 0.85
0	16:29:43.068	Currency EURUSD,M15: EURAUD : 226.21 : 0.83
0	16:29:43.069	Currency EURUSD,M15: EURCAD : 226.21 : 0.8
0	16:29:43.070	Currency EURUSD,M15: EURNZD : 226.21 : 0.72
0	16:29:43.070	Currency EURUSD,M15: GBPUSD : 284.72 : 0.7
0	16:29:43.071	Currency EURUSD,M15: USDCHF : 200 : 1
0	16:29:43.071	Currency EURUSD,M15: USDJPY : 200 : 1
0	16:29:43.072	Currency EURUSD,M15: AUDUSD : 153.32 : 1.3
0	16:29:43.072	Currency EURUSD,M15: USDCAD : 200 : 1
0	16:29:43.073	Currency EURUSD,M15: NZDUSD : 138.56 : 1.38
0	16:29:43.073	Currency EURUSD,M15: GBPCHF : 284.71 : 0.63
0	16:29:43.074	Currency EURUSD,M15: GBPJPY : 284.71 : 0.66
0	16:29:43.075	Currency EURUSD,M15: GBPAUD : 284.71 : 0.64
0	16:29:43.075	Currency EURUSD,M15: GBPCAD : 284.71 : 0.65
0	16:29:43.076	Currency EURUSD,M15: GBPNZD : 284.71 : 0.6
0	16:29:43.076	Currency EURUSD,M15: CHFJPY : 207.72 : 0.92
0	16:29:43.077	Currency EURUSD,M15: AUDCHF : 153.31 : 1.17
0	16:29:43.078	Currency EURUSD,M15: CADCHF : 156.32 : 1.15
0	16:29:43.079	Currency EURUSD,M15: NZDCHF : 138.55 : 1.22
0	16:29:43.080	Currency EURUSD,M15: AUDJPY : 153.31 : 1.23
0	16:29:43.081	Currency EURUSD,M15: CADJPY : 156.32 : 1.12
0	16:29:43.082	Currency EURUSD,M15: NZDJPY : 138.55 : 1.24
0	16:29:43.083	Currency EURUSD,M15: AUDCAD : 153.31 : 1.19
0	16:29:43.084	Currency EURUSD,M15: AUDNZD : 153.31 : 1.14
0	16:29:43.085	Currency EURUSD,M15: NZDCAD : 138.55 : 1.27
0	16:29:43.085	Currency EURUSD,M15: Пара | Стоимость лота | Размер лота
0	16:29:43.092	Currency EURGBP,M15: EURUSD : 226.21 : 0.17
0	16:29:43.092	Currency EURGBP,M15: EURGBP : 226.21 : 0.16
0	16:29:43.092	Currency EURGBP,M15: EURCHF : 226.21 : 0.15
0	16:29:43.092	Currency EURGBP,M15: EURJPY : 226.21 : 0.17
0	16:29:43.092	Currency EURGBP,M15: EURAUD : 226.21 : 0.16
0	16:29:43.093	Currency EURGBP,M15: EURCAD : 226.21 : 0.16
0	16:29:43.093	Currency EURGBP,M15: EURNZD : 226.21 : 0.14
0	16:29:43.093	Currency EURGBP,M15: GBPUSD : 284.72 : 0.14
0	16:29:43.093	Currency EURGBP,M15: USDCHF : 200 : 0.2
0	16:29:43.093	Currency EURGBP,M15: USDJPY : 200 : 0.2
0	16:29:43.094	Currency EURGBP,M15: AUDUSD : 153.32 : 0.26
0	16:29:43.094	Currency EURGBP,M15: USDCAD : 200 : 0.2
0	16:29:43.094	Currency EURGBP,M15: NZDUSD : 138.56 : 0.27
0	16:29:43.094	Currency EURGBP,M15: GBPCHF : 284.71 : 0.12
0	16:29:43.094	Currency EURGBP,M15: GBPJPY : 284.71 : 0.13
0	16:29:43.094	Currency EURGBP,M15: GBPAUD : 284.71 : 0.12
0	16:29:43.095	Currency EURGBP,M15: GBPCAD : 284.71 : 0.13
0	16:29:43.095	Currency EURGBP,M15: GBPNZD : 284.71 : 0.12
0	16:29:43.095	Currency EURGBP,M15: CHFJPY : 207.72 : 0.18
0	16:29:43.095	Currency EURGBP,M15: AUDCHF : 153.31 : 0.23
0	16:29:43.095	Currency EURGBP,M15: CADCHF : 156.32 : 0.23
0	16:29:43.095	Currency EURGBP,M15: NZDCHF : 138.55 : 0.24
0	16:29:43.096	Currency EURGBP,M15: AUDJPY : 153.31 : 0.24
0	16:29:43.096	Currency EURGBP,M15: CADJPY : 156.32 : 0.22
0	16:29:43.096	Currency EURGBP,M15: NZDJPY : 138.55 : 0.24
0	16:29:43.096	Currency EURGBP,M15: AUDCAD : 153.31 : 0.23
0	16:29:43.096	Currency EURGBP,M15: AUDNZD : 153.31 : 0.22
0	16:29:43.097	Currency EURGBP,M15: NZDCAD : 138.55 : 0.25
0	16:29:43.097	Currency EURGBP,M15: Пара | Стоимость лота | Размер лота
0	16:29:43.100	Currency GBPCHF,M15: EURUSD : 226.21 : 0.17
0	16:29:43.100	Currency GBPCHF,M15: EURGBP : 226.21 : 0.16
0	16:29:43.100	Currency GBPCHF,M15: EURCHF : 226.21 : 0.15
0	16:29:43.100	Currency GBPCHF,M15: EURJPY : 226.21 : 0.17
0	16:29:43.101	Currency GBPCHF,M15: EURAUD : 226.21 : 0.16
0	16:29:43.101	Currency GBPCHF,M15: EURCAD : 226.21 : 0.16
0	16:29:43.101	Currency GBPCHF,M15: EURNZD : 226.21 : 0.14
0	16:29:43.101	Currency GBPCHF,M15: GBPUSD : 284.72 : 0.14
0	16:29:43.101	Currency GBPCHF,M15: USDCHF : 200 : 0.2
0	16:29:43.101	Currency GBPCHF,M15: USDJPY : 200 : 0.2
0	16:29:43.101	Currency GBPCHF,M15: AUDUSD : 153.32 : 0.26
0	16:29:43.101	Currency GBPCHF,M15: USDCAD : 200 : 0.2
0	16:29:43.101	Currency GBPCHF,M15: NZDUSD : 138.56 : 0.27
0	16:29:43.102	Currency GBPCHF,M15: GBPCHF : 284.71 : 0.12
0	16:29:43.102	Currency GBPCHF,M15: GBPJPY : 284.71 : 0.13
0	16:29:43.102	Currency GBPCHF,M15: GBPAUD : 284.71 : 0.12
0	16:29:43.102	Currency GBPCHF,M15: GBPCAD : 284.71 : 0.13
0	16:29:43.102	Currency GBPCHF,M15: GBPNZD : 284.71 : 0.12
0	16:29:43.102	Currency GBPCHF,M15: CHFJPY : 207.72 : 0.18
0	16:29:43.102	Currency GBPCHF,M15: AUDCHF : 153.31 : 0.23
0	16:29:43.103	Currency GBPCHF,M15: CADCHF : 156.32 : 0.23
0	16:29:43.103	Currency GBPCHF,M15: NZDCHF : 138.55 : 0.24
0	16:29:43.103	Currency GBPCHF,M15: AUDJPY : 153.31 : 0.24
0	16:29:43.103	Currency GBPCHF,M15: CADJPY : 156.32 : 0.22
0	16:29:43.103	Currency GBPCHF,M15: NZDJPY : 138.55 : 0.24
0	16:29:43.104	Currency GBPCHF,M15: AUDCAD : 153.31 : 0.23
0	16:29:43.104	Currency GBPCHF,M15: AUDNZD : 153.31 : 0.22
0	16:29:43.104	Currency GBPCHF,M15: NZDCAD : 138.55 : 0.25
0	16:29:43.104	Currency GBPCHF,M15: Пара | Стоимость лота | Размер лота
0	16:29:43.112	Currency USDRUB,M15: EURUSD : 226.21 : 0.17
0	16:29:43.113	Currency USDRUB,M15: EURGBP : 226.21 : 0.16
0	16:29:43.113	Currency USDRUB,M15: EURCHF : 226.21 : 0.15
0	16:29:43.113	Currency USDRUB,M15: EURJPY : 226.21 : 0.17
0	16:29:43.113	Currency USDRUB,M15: EURAUD : 226.21 : 0.16
0	16:29:43.113	Currency USDRUB,M15: EURCAD : 226.21 : 0.16
0	16:29:43.113	Currency USDRUB,M15: EURNZD : 226.21 : 0.14
0	16:29:43.113	Currency USDRUB,M15: GBPUSD : 284.72 : 0.14
0	16:29:43.114	Currency USDRUB,M15: USDCHF : 200 : 0.2
0	16:29:43.114	Currency USDRUB,M15: USDJPY : 200 : 0.2
0	16:29:43.114	Currency USDRUB,M15: AUDUSD : 153.32 : 0.26
0	16:29:43.114	Currency USDRUB,M15: USDCAD : 200 : 0.2
0	16:29:43.114	Currency USDRUB,M15: NZDUSD : 138.56 : 0.28
0	16:29:43.114	Currency USDRUB,M15: GBPCHF : 284.71 : 0.12
0	16:29:43.114	Currency USDRUB,M15: GBPJPY : 284.71 : 0.13
0	16:29:43.114	Currency USDRUB,M15: GBPAUD : 284.71 : 0.12
0	16:29:43.115	Currency USDRUB,M15: GBPCAD : 284.71 : 0.13
0	16:29:43.115	Currency USDRUB,M15: GBPNZD : 284.71 : 0.12
0	16:29:43.115	Currency USDRUB,M15: CHFJPY : 207.72 : 0.18
0	16:29:43.115	Currency USDRUB,M15: AUDCHF : 153.31 : 0.23
0	16:29:43.115	Currency USDRUB,M15: CADCHF : 156.32 : 0.23
0	16:29:43.115	Currency USDRUB,M15: NZDCHF : 138.55 : 0.24
0	16:29:43.116	Currency USDRUB,M15: AUDJPY : 153.31 : 0.24
0	16:29:43.116	Currency USDRUB,M15: CADJPY : 156.32 : 0.22
0	16:29:43.116	Currency USDRUB,M15: NZDJPY : 138.55 : 0.24
0	16:29:43.116	Currency USDRUB,M15: AUDCAD : 153.31 : 0.23
0	16:29:43.117	Currency USDRUB,M15: AUDNZD : 153.31 : 0.22
0	16:29:43.117	Currency USDRUB,M15: NZDCAD : 138.55 : 0.25
0	16:29:43.117	Currency USDRUB,M15: Пара | Стоимость лота | Размер лота
0	16:29:43.119	Currency EURRUB,M15: EURUSD : 226.21 : 0.17
0	16:29:43.119	Currency EURRUB,M15: EURGBP : 226.21 : 0.16
0	16:29:43.119	Currency EURRUB,M15: EURCHF : 226.21 : 0.15
0	16:29:43.119	Currency EURRUB,M15: EURJPY : 226.21 : 0.17
0	16:29:43.119	Currency EURRUB,M15: EURAUD : 226.21 : 0.16
0	16:29:43.119	Currency EURRUB,M15: EURCAD : 226.21 : 0.16
0	16:29:43.119	Currency EURRUB,M15: EURNZD : 226.21 : 0.14
0	16:29:43.120	Currency EURRUB,M15: GBPUSD : 284.72 : 0.14
0	16:29:43.120	Currency EURRUB,M15: USDCHF : 200 : 0.2
0	16:29:43.120	Currency EURRUB,M15: USDJPY : 200 : 0.2
0	16:29:43.120	Currency EURRUB,M15: AUDUSD : 153.32 : 0.26
0	16:29:43.120	Currency EURRUB,M15: USDCAD : 200 : 0.2
0	16:29:43.120	Currency EURRUB,M15: NZDUSD : 138.56 : 0.28
0	16:29:43.120	Currency EURRUB,M15: GBPCHF : 284.71 : 0.12
0	16:29:43.120	Currency EURRUB,M15: GBPJPY : 284.71 : 0.13
0	16:29:43.121	Currency EURRUB,M15: GBPAUD : 284.71 : 0.12
0	16:29:43.121	Currency EURRUB,M15: GBPCAD : 284.71 : 0.13
0	16:29:43.121	Currency EURRUB,M15: GBPNZD : 284.71 : 0.12
0	16:29:43.121	Currency EURRUB,M15: CHFJPY : 207.72 : 0.18
0	16:29:43.121	Currency EURRUB,M15: AUDCHF : 153.31 : 0.23
0	16:29:43.121	Currency EURRUB,M15: CADCHF : 156.32 : 0.23
0	16:29:43.122	Currency EURRUB,M15: NZDCHF : 138.55 : 0.24
0	16:29:43.122	Currency EURRUB,M15: AUDJPY : 153.31 : 0.24
0	16:29:43.122	Currency EURRUB,M15: CADJPY : 156.32 : 0.22
0	16:29:43.122	Currency EURRUB,M15: NZDJPY : 138.55 : 0.24
0	16:29:43.122	Currency EURRUB,M15: AUDCAD : 153.31 : 0.23
0	16:29:43.123	Currency EURRUB,M15: AUDNZD : 153.31 : 0.22
0	16:29:43.123	Currency EURRUB,M15: NZDCAD : 138.55 : 0.25
0	16:29:43.123	Currency EURRUB,M15: Пара | Стоимость лота | Размер лота
0	16:29:43.126	Currency GBPJPY,M15: EURUSD : 226.21 : 0.17
0	16:29:43.126	Currency GBPJPY,M15: EURGBP : 226.21 : 0.16
0	16:29:43.126	Currency GBPJPY,M15: EURCHF : 226.21 : 0.15
0	16:29:43.126	Currency GBPJPY,M15: EURJPY : 226.21 : 0.17
0	16:29:43.126	Currency GBPJPY,M15: EURAUD : 226.21 : 0.16
0	16:29:43.127	Currency GBPJPY,M15: EURCAD : 226.21 : 0.16
0	16:29:43.127	Currency GBPJPY,M15: EURNZD : 226.21 : 0.14
0	16:29:43.127	Currency GBPJPY,M15: GBPUSD : 284.72 : 0.14
0	16:29:43.127	Currency GBPJPY,M15: USDCHF : 200 : 0.2
0	16:29:43.127	Currency GBPJPY,M15: USDJPY : 200 : 0.2
0	16:29:43.127	Currency GBPJPY,M15: AUDUSD : 153.32 : 0.26
0	16:29:43.127	Currency GBPJPY,M15: USDCAD : 200 : 0.2
0	16:29:43.127	Currency GBPJPY,M15: NZDUSD : 138.56 : 0.28
0	16:29:43.128	Currency GBPJPY,M15: GBPCHF : 284.71 : 0.12
0	16:29:43.128	Currency GBPJPY,M15: GBPJPY : 284.71 : 0.13
0	16:29:43.128	Currency GBPJPY,M15: GBPAUD : 284.71 : 0.12
0	16:29:43.128	Currency GBPJPY,M15: GBPCAD : 284.71 : 0.13
0	16:29:43.128	Currency GBPJPY,M15: GBPNZD : 284.71 : 0.12
0	16:29:43.128	Currency GBPJPY,M15: CHFJPY : 207.72 : 0.18
0	16:29:43.128	Currency GBPJPY,M15: AUDCHF : 153.31 : 0.23
0	16:29:43.129	Currency GBPJPY,M15: CADCHF : 156.32 : 0.23
0	16:29:43.129	Currency GBPJPY,M15: NZDCHF : 138.55 : 0.24
0	16:29:43.129	Currency GBPJPY,M15: AUDJPY : 153.31 : 0.24
0	16:29:43.129	Currency GBPJPY,M15: CADJPY : 156.32 : 0.22
0	16:29:43.129	Currency GBPJPY,M15: NZDJPY : 138.55 : 0.24
0	16:29:43.130	Currency GBPJPY,M15: AUDCAD : 153.31 : 0.23
0	16:29:43.130	Currency GBPJPY,M15: AUDNZD : 153.31 : 0.22
0	16:29:43.130	Currency GBPJPY,M15: NZDCAD : 138.55 : 0.25
0	16:29:43.130	Currency GBPJPY,M15: Пара | Стоимость лота | Размер лота
0	16:29:43.138	Currency NZDUSD,H1: EURUSD : 226.21 : 0.17
0	16:29:43.138	Currency NZDUSD,H1: EURGBP : 226.21 : 0.16
0	16:29:43.138	Currency NZDUSD,H1: EURCHF : 226.21 : 0.15
0	16:29:43.139	Currency NZDUSD,H1: EURJPY : 226.21 : 0.17
0	16:29:43.139	Currency NZDUSD,H1: EURAUD : 226.21 : 0.16
0	16:29:43.139	Currency NZDUSD,H1: EURCAD : 226.21 : 0.16
0	16:29:43.139	Currency NZDUSD,H1: EURNZD : 226.21 : 0.14
0	16:29:43.139	Currency NZDUSD,H1: GBPUSD : 284.72 : 0.14
0	16:29:43.139	Currency NZDUSD,H1: USDCHF : 200 : 0.2
0	16:29:43.139	Currency NZDUSD,H1: USDJPY : 200 : 0.2
0	16:29:43.139	Currency NZDUSD,H1: AUDUSD : 153.32 : 0.26
0	16:29:43.140	Currency NZDUSD,H1: USDCAD : 200 : 0.2
0	16:29:43.140	Currency NZDUSD,H1: NZDUSD : 138.56 : 0.28
0	16:29:43.140	Currency NZDUSD,H1: GBPCHF : 284.71 : 0.12
0	16:29:43.140	Currency NZDUSD,H1: GBPJPY : 284.71 : 0.13
0	16:29:43.140	Currency NZDUSD,H1: GBPAUD : 284.71 : 0.12
0	16:29:43.140	Currency NZDUSD,H1: GBPCAD : 284.71 : 0.13
0	16:29:43.140	Currency NZDUSD,H1: GBPNZD : 284.71 : 0.12
0	16:29:43.140	Currency NZDUSD,H1: CHFJPY : 207.72 : 0.18
0	16:29:43.141	Currency NZDUSD,H1: AUDCHF : 153.31 : 0.23
0	16:29:43.141	Currency NZDUSD,H1: CADCHF : 156.32 : 0.23
0	16:29:43.141	Currency NZDUSD,H1: NZDCHF : 138.55 : 0.24
0	16:29:43.141	Currency NZDUSD,H1: AUDJPY : 153.31 : 0.24
0	16:29:43.141	Currency NZDUSD,H1: CADJPY : 156.32 : 0.22
0	16:29:43.142	Currency NZDUSD,H1: NZDJPY : 138.55 : 0.24
0	16:29:43.142	Currency NZDUSD,H1: AUDCAD : 153.31 : 0.23
0	16:29:43.142	Currency NZDUSD,H1: AUDNZD : 153.31 : 0.22
0	16:29:43.142	Currency NZDUSD,H1: NZDCAD : 138.55 : 0.25
0	16:29:43.142	Currency NZDUSD,H1: Пара | Стоимость лота | Размер лота
0	16:29:43.157	Currency AUDUSD,M15: EURUSD : 226.21 : 0.17
0	16:29:43.157	Currency AUDUSD,M15: EURGBP : 226.21 : 0.16
0	16:29:43.157	Currency AUDUSD,M15: EURCHF : 226.21 : 0.15
0	16:29:43.157	Currency AUDUSD,M15: EURJPY : 226.21 : 0.17
0	16:29:43.157	Currency AUDUSD,M15: EURAUD : 226.21 : 0.16
0	16:29:43.157	Currency AUDUSD,M15: EURCAD : 226.21 : 0.16
0	16:29:43.158	Currency AUDUSD,M15: EURNZD : 226.21 : 0.14
0	16:29:43.158	Currency AUDUSD,M15: GBPUSD : 284.72 : 0.14
0	16:29:43.158	Currency AUDUSD,M15: USDCHF : 200 : 0.2
0	16:29:43.158	Currency AUDUSD,M15: USDJPY : 200 : 0.2
0	16:29:43.158	Currency AUDUSD,M15: AUDUSD : 153.32 : 0.26
0	16:29:43.158	Currency AUDUSD,M15: USDCAD : 200 : 0.2
0	16:29:43.158	Currency AUDUSD,M15: NZDUSD : 138.56 : 0.28
0	16:29:43.158	Currency AUDUSD,M15: GBPCHF : 284.71 : 0.12
0	16:29:43.159	Currency AUDUSD,M15: GBPJPY : 284.71 : 0.13
0	16:29:43.159	Currency AUDUSD,M15: GBPAUD : 284.71 : 0.12
0	16:29:43.159	Currency AUDUSD,M15: GBPCAD : 284.71 : 0.13
0	16:29:43.159	Currency AUDUSD,M15: GBPNZD : 284.71 : 0.12
0	16:29:43.159	Currency AUDUSD,M15: CHFJPY : 207.72 : 0.18
0	16:29:43.159	Currency AUDUSD,M15: AUDCHF : 153.31 : 0.23
0	16:29:43.159	Currency AUDUSD,M15: CADCHF : 156.32 : 0.23
0	16:29:43.160	Currency AUDUSD,M15: NZDCHF : 138.55 : 0.24
0	16:29:43.160	Currency AUDUSD,M15: AUDJPY : 153.31 : 0.24
0	16:29:43.160	Currency AUDUSD,M15: CADJPY : 156.32 : 0.22
0	16:29:43.160	Currency AUDUSD,M15: NZDJPY : 138.55 : 0.24
0	16:29:43.160	Currency AUDUSD,M15: AUDCAD : 153.31 : 0.23
0	16:29:43.161	Currency AUDUSD,M15: AUDNZD : 153.31 : 0.22
0	16:29:43.161	Currency AUDUSD,M15: NZDCAD : 138.55 : 0.25
0	16:29:43.161	Currency AUDUSD,M15: Пара | Стоимость лота | Размер лота
0	16:29:43.170	Currency USDJPY,M15: EURUSD : 226.21 : 0.17
0	16:29:43.170	Currency USDJPY,M15: EURGBP : 226.21 : 0.16
0	16:29:43.170	Currency USDJPY,M15: EURCHF : 226.21 : 0.15
0	16:29:43.170	Currency USDJPY,M15: EURJPY : 226.21 : 0.17
0	16:29:43.170	Currency USDJPY,M15: EURAUD : 226.21 : 0.16
0	16:29:43.170	Currency USDJPY,M15: EURCAD : 226.21 : 0.16
0	16:29:43.171	Currency USDJPY,M15: EURNZD : 226.21 : 0.14
0	16:29:43.171	Currency USDJPY,M15: GBPUSD : 284.72 : 0.14
0	16:29:43.171	Currency USDJPY,M15: USDCHF : 200 : 0.2
0	16:29:43.171	Currency USDJPY,M15: USDJPY : 200 : 0.2
0	16:29:43.171	Currency USDJPY,M15: AUDUSD : 153.32 : 0.26
0	16:29:43.171	Currency USDJPY,M15: USDCAD : 200 : 0.2
0	16:29:43.171	Currency USDJPY,M15: NZDUSD : 138.56 : 0.28
0	16:29:43.171	Currency USDJPY,M15: GBPCHF : 284.71 : 0.12
0	16:29:43.172	Currency USDJPY,M15: GBPJPY : 284.71 : 0.13
0	16:29:43.172	Currency USDJPY,M15: GBPAUD : 284.71 : 0.12
0	16:29:43.172	Currency USDJPY,M15: GBPCAD : 284.71 : 0.13
0	16:29:43.172	Currency USDJPY,M15: GBPNZD : 284.71 : 0.12
0	16:29:43.172	Currency USDJPY,M15: CHFJPY : 207.72 : 0.18
0	16:29:43.172	Currency USDJPY,M15: AUDCHF : 153.31 : 0.23
0	16:29:43.172	Currency USDJPY,M15: CADCHF : 156.32 : 0.23
0	16:29:43.173	Currency USDJPY,M15: NZDCHF : 138.55 : 0.24
0	16:29:43.173	Currency USDJPY,M15: AUDJPY : 153.31 : 0.24
0	16:29:43.173	Currency USDJPY,M15: CADJPY : 156.32 : 0.22
0	16:29:43.173	Currency USDJPY,M15: NZDJPY : 138.55 : 0.24
0	16:29:43.173	Currency USDJPY,M15: AUDCAD : 153.31 : 0.23
0	16:29:43.174	Currency USDJPY,M15: AUDNZD : 153.31 : 0.22
0	16:29:43.174	Currency USDJPY,M15: NZDCAD : 138.55 : 0.25
0	16:29:43.174	Currency USDJPY,M15: Пара | Стоимость лота | Размер лота
0	16:29:43.195	Currency USDCHF,M15: EURUSD : 226.21 : 0.17
0	16:29:43.195	Currency USDCHF,M15: EURGBP : 226.21 : 0.16
0	16:29:43.196	Currency USDCHF,M15: EURCHF : 226.21 : 0.15
0	16:29:43.196	Currency USDCHF,M15: EURJPY : 226.21 : 0.17
0	16:29:43.196	Currency USDCHF,M15: EURAUD : 226.21 : 0.16
0	16:29:43.196	Currency USDCHF,M15: EURCAD : 226.21 : 0.16
0	16:29:43.196	Currency USDCHF,M15: EURNZD : 226.21 : 0.14
0	16:29:43.196	Currency USDCHF,M15: GBPUSD : 284.72 : 0.14
0	16:29:43.196	Currency USDCHF,M15: USDCHF : 200 : 0.2
0	16:29:43.196	Currency USDCHF,M15: USDJPY : 200 : 0.2
0	16:29:43.197	Currency USDCHF,M15: AUDUSD : 153.32 : 0.26
0	16:29:43.197	Currency USDCHF,M15: USDCAD : 200 : 0.2
0	16:29:43.197	Currency USDCHF,M15: NZDUSD : 138.56 : 0.28
0	16:29:43.197	Currency USDCHF,M15: GBPCHF : 284.71 : 0.12
0	16:29:43.197	Currency USDCHF,M15: GBPJPY : 284.71 : 0.13
0	16:29:43.197	Currency USDCHF,M15: GBPAUD : 284.71 : 0.12
0	16:29:43.197	Currency USDCHF,M15: GBPCAD : 284.71 : 0.13
0	16:29:43.198	Currency USDCHF,M15: GBPNZD : 284.71 : 0.12
0	16:29:43.198	Currency USDCHF,M15: CHFJPY : 207.72 : 0.18
0	16:29:43.198	Currency USDCHF,M15: AUDCHF : 153.31 : 0.23
0	16:29:43.198	Currency USDCHF,M15: CADCHF : 156.32 : 0.23
0	16:29:43.198	Currency USDCHF,M15: NZDCHF : 138.55 : 0.24
0	16:29:43.199	Currency USDCHF,M15: AUDJPY : 153.31 : 0.24
0	16:29:43.199	Currency USDCHF,M15: CADJPY : 156.32 : 0.22
0	16:29:43.199	Currency USDCHF,M15: NZDJPY : 138.55 : 0.24
0	16:29:43.199	Currency USDCHF,M15: AUDCAD : 153.31 : 0.23
0	16:29:43.199	Currency USDCHF,M15: AUDNZD : 153.31 : 0.22
0	16:29:43.200	Currency USDCHF,M15: NZDCAD : 138.55 : 0.25
0	16:29:43.200	Currency USDCHF,M15: Пара | Стоимость лота | Размер лота
0	16:29:43.207	Currency GBPUSD,M15: EURUSD : 226.21 : 0.17
0	16:29:43.208	Currency GBPUSD,M15: EURGBP : 226.21 : 0.16
0	16:29:43.208	Currency GBPUSD,M15: EURCHF : 226.21 : 0.15
0	16:29:43.208	Currency GBPUSD,M15: EURJPY : 226.21 : 0.17
0	16:29:43.208	Currency GBPUSD,M15: EURAUD : 226.21 : 0.16
0	16:29:43.208	Currency GBPUSD,M15: EURCAD : 226.21 : 0.16
0	16:29:43.208	Currency GBPUSD,M15: EURNZD : 226.21 : 0.14
0	16:29:43.208	Currency GBPUSD,M15: GBPUSD : 284.72 : 0.14
0	16:29:43.208	Currency GBPUSD,M15: USDCHF : 200 : 0.2
0	16:29:43.209	Currency GBPUSD,M15: USDJPY : 200 : 0.2
0	16:29:43.209	Currency GBPUSD,M15: AUDUSD : 153.32 : 0.26
0	16:29:43.209	Currency GBPUSD,M15: USDCAD : 200 : 0.2
0	16:29:43.209	Currency GBPUSD,M15: NZDUSD : 138.56 : 0.28
0	16:29:43.209	Currency GBPUSD,M15: GBPCHF : 284.71 : 0.12
0	16:29:43.209	Currency GBPUSD,M15: GBPJPY : 284.71 : 0.13
0	16:29:43.209	Currency GBPUSD,M15: GBPAUD : 284.71 : 0.12
0	16:29:43.209	Currency GBPUSD,M15: GBPCAD : 284.71 : 0.13
0	16:29:43.210	Currency GBPUSD,M15: GBPNZD : 284.71 : 0.12
0	16:29:43.210	Currency GBPUSD,M15: CHFJPY : 207.72 : 0.18
0	16:29:43.210	Currency GBPUSD,M15: AUDCHF : 153.31 : 0.23
0	16:29:43.210	Currency GBPUSD,M15: CADCHF : 156.32 : 0.23
0	16:29:43.210	Currency GBPUSD,M15: NZDCHF : 138.55 : 0.24
0	16:29:43.211	Currency GBPUSD,M15: AUDJPY : 153.31 : 0.24
0	16:29:43.211	Currency GBPUSD,M15: CADJPY : 156.32 : 0.22
0	16:29:43.211	Currency GBPUSD,M15: NZDJPY : 138.55 : 0.24
0	16:29:43.211	Currency GBPUSD,M15: AUDCAD : 153.31 : 0.23
0	16:29:43.211	Currency GBPUSD,M15: AUDNZD : 153.31 : 0.22
0	16:29:43.212	Currency GBPUSD,M15: NZDCAD : 138.55 : 0.25
0	16:29:43.212	Currency GBPUSD,M15: Пара | Стоимость лота | Размер лота
0	16:29:43.225	Currency USDCAD,M15: EURUSD : 226.21 : 0.17
0	16:29:43.225	Currency USDCAD,M15: EURGBP : 226.21 : 0.16
0	16:29:43.226	Currency USDCAD,M15: EURCHF : 226.21 : 0.15
0	16:29:43.226	Currency USDCAD,M15: EURJPY : 226.21 : 0.17
0	16:29:43.226	Currency USDCAD,M15: EURAUD : 226.21 : 0.16
0	16:29:43.226	Currency USDCAD,M15: EURCAD : 226.21 : 0.16
0	16:29:43.226	Currency USDCAD,M15: EURNZD : 226.21 : 0.14
0	16:29:43.226	Currency USDCAD,M15: GBPUSD : 284.72 : 0.14
0	16:29:43.226	Currency USDCAD,M15: USDCHF : 200 : 0.2
0	16:29:43.226	Currency USDCAD,M15: USDJPY : 200 : 0.2
0	16:29:43.227	Currency USDCAD,M15: AUDUSD : 153.32 : 0.26
0	16:29:43.227	Currency USDCAD,M15: USDCAD : 200 : 0.2
0	16:29:43.227	Currency USDCAD,M15: NZDUSD : 138.56 : 0.28
0	16:29:43.227	Currency USDCAD,M15: GBPCHF : 284.71 : 0.12
0	16:29:43.227	Currency USDCAD,M15: GBPJPY : 284.71 : 0.13
0	16:29:43.227	Currency USDCAD,M15: GBPAUD : 284.71 : 0.12
0	16:29:43.227	Currency USDCAD,M15: GBPCAD : 284.71 : 0.13
0	16:29:43.228	Currency USDCAD,M15: GBPNZD : 284.71 : 0.12
0	16:29:43.228	Currency USDCAD,M15: CHFJPY : 207.72 : 0.18
0	16:29:43.228	Currency USDCAD,M15: AUDCHF : 153.31 : 0.23
0	16:29:43.228	Currency USDCAD,M15: CADCHF : 156.32 : 0.23
0	16:29:43.228	Currency USDCAD,M15: NZDCHF : 138.55 : 0.24
0	16:29:43.228	Currency USDCAD,M15: AUDJPY : 153.31 : 0.24
0	16:29:43.229	Currency USDCAD,M15: CADJPY : 156.32 : 0.22
0	16:29:43.229	Currency USDCAD,M15: NZDJPY : 138.55 : 0.24
0	16:29:43.229	Currency USDCAD,M15: AUDCAD : 153.31 : 0.23
0	16:29:43.229	Currency USDCAD,M15: AUDNZD : 153.31 : 0.22
0	16:29:43.229	Currency USDCAD,M15: NZDCAD : 138.55 : 0.25
0	16:29:43.229	Currency USDCAD,M15: Пара | Стоимость лота | Размер лота
0	16:29:56.160	Expert ax_adv_009_2 EURUSD,M15: loaded successfully
0	16:30:03.720	Expert ax_adv_009_2 EURUSD,M15: removed
0	16:57:22.223	Custom indicator RSI USDJPY,M15: loaded successfully
0	16:57:24.251	RSI USDJPY,M15: initialized
0	16:57:45.481	RSI USDJPY,M15: uninit reason 5
0	16:57:45.533	RSI USDJPY,M15: initialized
0	17:02:37.429	Custom indicator Stochastic USDJPY,M15: loaded successfully
0	17:02:38.793	Stochastic USDJPY,M15: initialized
0	17:03:04.211	Stochastic USDJPY,M15: uninit reason 1
0	17:03:04.212	Custom indicator Stochastic USDJPY,M15: removed
0	17:04:29.655	RSI USDJPY,M15: uninit reason 3
0	17:04:29.656	RSI USDJPY,H4: initialized
