0	16:47:00.002	Compiling 'Currency_v2.0'
0	16:47:01.568	Compiling 'Laguerre'
0	16:47:02.821	Compiling 'TrendPower'
3	16:54:29.802	cannot open file 'C:\Users\KOSHER\AppData\Roaming\ForexClub MT4\MQL4\indicators\TrendPower.ex4' [2]
0	16:57:25.621	Currency USDJPY,M15: uninit reason 9
0	16:57:25.621	Stochastic USDJPY,M15: uninit reason 9
0	16:57:25.621	Currency USDCAD,M15: uninit reason 9
0	16:57:25.621	Stochastic USDCAD,M15: uninit reason 9
0	16:57:25.621	Currency GBPJPY,M15: uninit reason 9
0	16:57:25.621	Stochastic GBPJPY,M15: uninit reason 9
0	16:57:25.621	Currency EURGBP,M15: uninit reason 9
0	16:57:25.621	Stochastic EURGBP,M15: uninit reason 9
0	16:57:25.621	Currency GBPCHF,M15: uninit reason 9
0	16:57:25.621	Stochastic GBPCHF,M15: uninit reason 9
0	16:57:25.621	Currency USDRUB,M15: uninit reason 9
0	16:57:25.631	Currency EURRUB,M15: uninit reason 9
0	16:57:25.631	Currency EURUSD,M15: uninit reason 9
0	16:57:25.631	Currency GBPUSD,M15: uninit reason 9
0	16:57:25.631	Stochastic GBPUSD,M15: uninit reason 9
0	16:57:25.631	Currency USDCHF,M15: uninit reason 9
0	16:57:25.631	Stochastic USDCHF,M15: uninit reason 9
0	16:57:25.631	Currency AUDUSD,M15: uninit reason 9
0	16:57:25.631	Stochastic AUDUSD,M15: uninit reason 9
0	16:57:25.631	Currency NZDUSD,H1: uninit reason 9
0	16:57:25.631	Stochastic NZDUSD,H1: uninit reason 9
0	16:57:25.741	Custom indicator Currency USDJPY,M15: removed
0	16:57:25.741	Custom indicator Stochastic USDJPY,M15: removed
0	16:57:25.761	Custom indicator Currency USDCAD,M15: removed
0	16:57:25.761	Custom indicator Stochastic USDCAD,M15: removed
0	16:57:25.791	Custom indicator Currency GBPJPY,M15: removed
0	16:57:25.801	Custom indicator Stochastic GBPJPY,M15: removed
0	16:57:25.841	Custom indicator Currency EURGBP,M15: removed
0	16:57:25.841	Custom indicator Stochastic EURGBP,M15: removed
0	16:57:25.841	Custom indicator Currency GBPCHF,M15: removed
0	16:57:25.841	Custom indicator Stochastic GBPCHF,M15: removed
0	16:57:25.851	Custom indicator Currency USDRUB,M15: removed
0	16:57:25.861	Custom indicator Currency EURRUB,M15: removed
0	16:57:25.884	Custom indicator Currency EURUSD,M15: removed
0	16:57:25.884	Custom indicator Currency GBPUSD,M15: removed
0	16:57:25.894	Custom indicator Stochastic GBPUSD,M15: removed
0	16:57:25.894	Custom indicator Currency USDCHF,M15: removed
0	16:57:25.894	Custom indicator Stochastic USDCHF,M15: removed
0	16:57:25.934	Custom indicator Currency AUDUSD,M15: removed
0	16:57:25.934	Custom indicator Stochastic AUDUSD,M15: removed
0	16:57:25.934	Custom indicator Currency NZDUSD,H1: removed
0	16:57:25.954	Custom indicator Stochastic NZDUSD,H1: removed
0	17:08:19.563	Compiling 'Laguerre'
0	17:08:21.564	Custom indicator Currency EURUSD,M15: loaded successfully
0	17:08:21.584	Currency EURUSD,M15: initialized
0	17:08:21.634	Custom indicator Currency GBPUSD,M15: loaded successfully
0	17:08:21.644	Custom indicator Stochastic GBPUSD,M15: loaded successfully
0	17:08:21.654	Currency GBPUSD,M15: initialized
0	17:08:21.664	Stochastic GBPUSD,M15: initialized
0	17:08:21.694	Custom indicator Currency USDCHF,M15: loaded successfully
0	17:08:21.704	Custom indicator Stochastic USDCHF,M15: loaded successfully
0	17:08:21.704	Currency USDCHF,M15: initialized
0	17:08:21.714	Stochastic USDCHF,M15: initialized
0	17:08:21.734	Custom indicator Currency USDJPY,M15: loaded successfully
0	17:08:21.744	Custom indicator Stochastic USDJPY,M15: loaded successfully
0	17:08:21.764	Currency USDJPY,M15: initialized
0	17:08:21.764	Stochastic USDJPY,M15: initialized
0	17:08:21.814	Custom indicator Currency USDCAD,M15: loaded successfully
0	17:08:21.824	Custom indicator Stochastic USDCAD,M15: loaded successfully
0	17:08:21.834	Currency USDCAD,M15: initialized
0	17:08:21.834	Stochastic USDCAD,M15: initialized
0	17:08:21.854	Custom indicator Currency AUDUSD,M15: loaded successfully
0	17:08:21.864	Custom indicator Stochastic AUDUSD,M15: loaded successfully
0	17:08:21.874	Currency AUDUSD,M15: initialized
0	17:08:21.884	Stochastic AUDUSD,M15: initialized
0	17:08:21.914	Custom indicator Currency NZDUSD,H1: loaded successfully
0	17:08:21.914	Custom indicator Stochastic NZDUSD,H1: loaded successfully
0	17:08:21.924	Currency NZDUSD,H1: initialized
0	17:08:21.934	Stochastic NZDUSD,H1: initialized
0	17:08:21.954	Custom indicator Currency GBPJPY,M15: loaded successfully
0	17:08:21.964	Custom indicator Stochastic GBPJPY,M15: loaded successfully
0	17:08:21.974	Currency GBPJPY,M15: initialized
0	17:08:21.984	Stochastic GBPJPY,M15: initialized
0	17:08:22.004	Custom indicator Currency EURGBP,M15: loaded successfully
0	17:08:22.014	Custom indicator Stochastic EURGBP,M15: loaded successfully
0	17:08:22.034	Currency EURGBP,M15: initialized
0	17:08:22.034	Stochastic EURGBP,M15: initialized
0	17:08:22.054	Custom indicator Currency GBPCHF,M15: loaded successfully
0	17:08:22.064	Custom indicator Stochastic GBPCHF,M15: loaded successfully
0	17:08:22.074	Currency GBPCHF,M15: initialized
0	17:08:22.084	Stochastic GBPCHF,M15: initialized
0	17:08:22.114	Custom indicator Currency USDRUB,M15: loaded successfully
0	17:08:22.124	Currency USDRUB,M15: initialized
0	17:08:22.144	Custom indicator Currency EURRUB,M15: loaded successfully
0	17:08:22.154	Currency EURRUB,M15: initialized
0	17:08:22.794	Custom indicator TrendPower XAGUSD,H1: loaded successfully
0	17:08:29.700	Currency EURUSD,M15: EURUSD : 227.06 : 0.88
0	17:08:29.700	Currency EURUSD,M15: EURGBP : 227.05 : 0.82
0	17:08:29.710	Currency EURUSD,M15: EURCHF : 227.05 : 0.77
0	17:08:29.710	Currency EURUSD,M15: EURJPY : 227.05 : 0.85
0	17:08:29.710	Currency EURUSD,M15: EURAUD : 227.05 : 0.8
0	17:08:29.710	Currency EURUSD,M15: EURCAD : 227.05 : 0.79
0	17:08:29.710	Currency EURUSD,M15: EURNZD : 227.05 : 0.71
0	17:08:29.710	Currency EURUSD,M15: GBPUSD : 283.97 : 0.71
0	17:08:29.710	Currency EURUSD,M15: USDCHF : 200 : 0.98
0	17:08:29.710	Currency EURUSD,M15: USDJPY : 200 : 1.01
0	17:08:29.710	Currency EURUSD,M15: AUDUSD : 152.5 : 1.3
0	17:08:29.720	Currency EURUSD,M15: USDCAD : 200 : 1
0	17:08:29.720	Currency EURUSD,M15: NZDUSD : 137.53 : 1.41
0	17:08:29.720	Currency EURUSD,M15: GBPCHF : 283.97 : 0.63
0	17:08:29.720	Currency EURUSD,M15: GBPJPY : 283.97 : 0.66
0	17:08:29.720	Currency EURUSD,M15: GBPAUD : 283.97 : 0.64
0	17:08:29.720	Currency EURUSD,M15: GBPCAD : 283.97 : 0.63
0	17:08:29.720	Currency EURUSD,M15: GBPNZD : 283.97 : 0.59
0	17:08:29.720	Currency EURUSD,M15: CHFJPY : 208.54 : 0.89
0	17:08:29.730	Currency EURUSD,M15: AUDCHF : 152.49 : 1.19
0	17:08:29.730	Currency EURUSD,M15: CADCHF : 155.01 : 1.18
0	17:08:29.730	Currency EURUSD,M15: NZDCHF : 137.52 : 1.25
0	17:08:29.730	Currency EURUSD,M15: AUDJPY : 152.49 : 1.22
0	17:08:29.730	Currency EURUSD,M15: CADJPY : 155.01 : 1.13
0	17:08:29.730	Currency EURUSD,M15: NZDJPY : 137.52 : 1.24
0	17:08:29.730	Currency EURUSD,M15: AUDCAD : 152.49 : 1.21
0	17:08:29.730	Currency EURUSD,M15: AUDNZD : 152.49 : 1.13
0	17:08:29.730	Currency EURUSD,M15: NZDCAD : 137.52 : 1.27
0	17:08:29.730	Currency EURUSD,M15: Пара | Стоимость лота | Размер лота
0	17:08:29.740	Currency EURGBP,M15: EURUSD : 227.06 : 0.17
0	17:08:29.740	Currency EURGBP,M15: EURGBP : 227.05 : 0.16
0	17:08:29.740	Currency EURGBP,M15: EURCHF : 227.05 : 0.15
0	17:08:29.740	Currency EURGBP,M15: EURJPY : 227.05 : 0.17
0	17:08:29.740	Currency EURGBP,M15: EURAUD : 227.05 : 0.16
0	17:08:29.740	Currency EURGBP,M15: EURCAD : 227.05 : 0.15
0	17:08:29.740	Currency EURGBP,M15: EURNZD : 227.05 : 0.14
0	17:08:29.740	Currency EURGBP,M15: GBPUSD : 283.97 : 0.14
0	17:08:29.740	Currency EURGBP,M15: USDCHF : 200 : 0.19
0	17:08:29.740	Currency EURGBP,M15: USDJPY : 200 : 0.2
0	17:08:29.740	Currency EURGBP,M15: AUDUSD : 152.5 : 0.26
0	17:08:29.740	Currency EURGBP,M15: USDCAD : 200 : 0.2
0	17:08:29.740	Currency EURGBP,M15: NZDUSD : 137.53 : 0.28
0	17:08:29.740	Currency EURGBP,M15: GBPCHF : 283.97 : 0.12
0	17:08:29.740	Currency EURGBP,M15: GBPJPY : 283.97 : 0.13
0	17:08:29.740	Currency EURGBP,M15: GBPAUD : 283.97 : 0.12
0	17:08:29.740	Currency EURGBP,M15: GBPCAD : 283.97 : 0.12
0	17:08:29.740	Currency EURGBP,M15: GBPNZD : 283.97 : 0.11
0	17:08:29.740	Currency EURGBP,M15: CHFJPY : 208.54 : 0.17
0	17:08:29.740	Currency EURGBP,M15: AUDCHF : 152.49 : 0.23
0	17:08:29.740	Currency EURGBP,M15: CADCHF : 155.01 : 0.23
0	17:08:29.740	Currency EURGBP,M15: NZDCHF : 137.52 : 0.25
0	17:08:29.740	Currency EURGBP,M15: AUDJPY : 152.49 : 0.24
0	17:08:29.740	Currency EURGBP,M15: CADJPY : 155.01 : 0.22
0	17:08:29.740	Currency EURGBP,M15: NZDJPY : 137.52 : 0.24
0	17:08:29.740	Currency EURGBP,M15: AUDCAD : 152.49 : 0.24
0	17:08:29.740	Currency EURGBP,M15: AUDNZD : 152.49 : 0.22
0	17:08:29.740	Currency EURGBP,M15: NZDCAD : 137.52 : 0.25
0	17:08:29.740	Currency EURGBP,M15: Пара | Стоимость лота | Размер лота
0	17:08:29.740	Currency GBPJPY,M15: EURUSD : 227.06 : 0.17
0	17:08:29.740	Currency GBPJPY,M15: EURGBP : 227.05 : 0.16
0	17:08:29.740	Currency GBPJPY,M15: EURCHF : 227.05 : 0.15
0	17:08:29.740	Currency GBPJPY,M15: EURJPY : 227.05 : 0.17
0	17:08:29.740	Currency GBPJPY,M15: EURAUD : 227.05 : 0.16
0	17:08:29.740	Currency GBPJPY,M15: EURCAD : 227.05 : 0.15
0	17:08:29.740	Currency GBPJPY,M15: EURNZD : 227.05 : 0.14
0	17:08:29.740	Currency GBPJPY,M15: GBPUSD : 283.97 : 0.14
0	17:08:29.740	Currency GBPJPY,M15: USDCHF : 200 : 0.19
0	17:08:29.740	Currency GBPJPY,M15: USDJPY : 200 : 0.2
0	17:08:29.740	Currency GBPJPY,M15: AUDUSD : 152.5 : 0.26
0	17:08:29.740	Currency GBPJPY,M15: USDCAD : 200 : 0.2
0	17:08:29.740	Currency GBPJPY,M15: NZDUSD : 137.53 : 0.28
0	17:08:29.740	Currency GBPJPY,M15: GBPCHF : 283.97 : 0.12
0	17:08:29.740	Currency GBPJPY,M15: GBPJPY : 283.97 : 0.13
0	17:08:29.740	Currency GBPJPY,M15: GBPAUD : 283.97 : 0.12
0	17:08:29.740	Currency GBPJPY,M15: GBPCAD : 283.97 : 0.12
0	17:08:29.740	Currency GBPJPY,M15: GBPNZD : 283.97 : 0.11
0	17:08:29.740	Currency GBPJPY,M15: CHFJPY : 208.54 : 0.17
0	17:08:29.740	Currency GBPJPY,M15: AUDCHF : 152.49 : 0.23
0	17:08:29.740	Currency GBPJPY,M15: CADCHF : 155.01 : 0.23
0	17:08:29.740	Currency GBPJPY,M15: NZDCHF : 137.52 : 0.25
0	17:08:29.740	Currency GBPJPY,M15: AUDJPY : 152.49 : 0.24
0	17:08:29.740	Currency GBPJPY,M15: CADJPY : 155.01 : 0.22
0	17:08:29.740	Currency GBPJPY,M15: NZDJPY : 137.52 : 0.24
0	17:08:29.750	Currency GBPJPY,M15: AUDCAD : 152.49 : 0.24
0	17:08:29.750	Currency GBPJPY,M15: AUDNZD : 152.49 : 0.22
0	17:08:29.750	Currency GBPJPY,M15: NZDCAD : 137.52 : 0.25
0	17:08:29.750	Currency GBPJPY,M15: Пара | Стоимость лота | Размер лота
0	17:08:29.750	Currency USDJPY,M15: EURUSD : 227.06 : 0.17
0	17:08:29.750	Currency USDJPY,M15: EURGBP : 227.05 : 0.16
0	17:08:29.750	Currency USDJPY,M15: EURCHF : 227.05 : 0.15
0	17:08:29.750	Currency USDJPY,M15: EURJPY : 227.05 : 0.17
0	17:08:29.750	Currency USDJPY,M15: EURAUD : 227.05 : 0.16
0	17:08:29.750	Currency USDJPY,M15: EURCAD : 227.05 : 0.15
0	17:08:29.750	Currency USDJPY,M15: EURNZD : 227.05 : 0.14
0	17:08:29.750	Currency USDJPY,M15: GBPUSD : 283.97 : 0.14
0	17:08:29.750	Currency USDJPY,M15: USDCHF : 200 : 0.19
0	17:08:29.750	Currency USDJPY,M15: USDJPY : 200 : 0.2
0	17:08:29.750	Currency USDJPY,M15: AUDUSD : 152.5 : 0.26
0	17:08:29.750	Currency USDJPY,M15: USDCAD : 200 : 0.2
0	17:08:29.750	Currency USDJPY,M15: NZDUSD : 137.53 : 0.28
0	17:08:29.750	Currency USDJPY,M15: GBPCHF : 283.97 : 0.12
0	17:08:29.750	Currency USDJPY,M15: GBPJPY : 283.97 : 0.13
0	17:08:29.750	Currency USDJPY,M15: GBPAUD : 283.97 : 0.12
0	17:08:29.750	Currency USDJPY,M15: GBPCAD : 283.97 : 0.12
0	17:08:29.750	Currency USDJPY,M15: GBPNZD : 283.97 : 0.11
0	17:08:29.750	Currency USDJPY,M15: CHFJPY : 208.54 : 0.17
0	17:08:29.750	Currency USDJPY,M15: AUDCHF : 152.49 : 0.23
0	17:08:29.750	Currency USDJPY,M15: CADCHF : 155.01 : 0.23
0	17:08:29.750	Currency USDJPY,M15: NZDCHF : 137.52 : 0.25
0	17:08:29.750	Currency USDJPY,M15: AUDJPY : 152.49 : 0.24
0	17:08:29.750	Currency USDJPY,M15: CADJPY : 155.01 : 0.22
0	17:08:29.750	Currency USDJPY,M15: NZDJPY : 137.52 : 0.24
0	17:08:29.750	Currency USDJPY,M15: AUDCAD : 152.49 : 0.24
0	17:08:29.750	Currency USDJPY,M15: AUDNZD : 152.49 : 0.22
0	17:08:29.750	Currency USDJPY,M15: NZDCAD : 137.52 : 0.25
0	17:08:29.750	Currency USDJPY,M15: Пара | Стоимость лота | Размер лота
0	17:08:29.750	Currency GBPUSD,M15: EURUSD : 227.06 : 0.17
0	17:08:29.750	Currency GBPUSD,M15: EURGBP : 227.05 : 0.16
0	17:08:29.750	Currency GBPUSD,M15: EURCHF : 227.05 : 0.15
0	17:08:29.750	Currency GBPUSD,M15: EURJPY : 227.05 : 0.17
0	17:08:29.750	Currency GBPUSD,M15: EURAUD : 227.05 : 0.16
0	17:08:29.750	Currency GBPUSD,M15: EURCAD : 227.05 : 0.15
0	17:08:29.750	Currency GBPUSD,M15: EURNZD : 227.05 : 0.14
0	17:08:29.750	Currency GBPUSD,M15: GBPUSD : 283.97 : 0.14
0	17:08:29.750	Currency GBPUSD,M15: USDCHF : 200 : 0.19
0	17:08:29.750	Currency GBPUSD,M15: USDJPY : 200 : 0.2
0	17:08:29.750	Currency GBPUSD,M15: AUDUSD : 152.5 : 0.26
0	17:08:29.750	Currency GBPUSD,M15: USDCAD : 200 : 0.2
0	17:08:29.750	Currency GBPUSD,M15: NZDUSD : 137.53 : 0.28
0	17:08:29.750	Currency GBPUSD,M15: GBPCHF : 283.97 : 0.12
0	17:08:29.750	Currency GBPUSD,M15: GBPJPY : 283.97 : 0.13
0	17:08:29.760	Currency GBPUSD,M15: GBPAUD : 283.97 : 0.12
0	17:08:29.760	Currency GBPUSD,M15: GBPCAD : 283.97 : 0.12
0	17:08:29.760	Currency GBPUSD,M15: GBPNZD : 283.97 : 0.11
0	17:08:29.760	Currency GBPUSD,M15: CHFJPY : 208.54 : 0.17
0	17:08:29.760	Currency GBPUSD,M15: AUDCHF : 152.49 : 0.23
0	17:08:29.760	Currency GBPUSD,M15: CADCHF : 155.01 : 0.23
0	17:08:29.760	Currency GBPUSD,M15: NZDCHF : 137.52 : 0.25
0	17:08:29.760	Currency GBPUSD,M15: AUDJPY : 152.49 : 0.24
0	17:08:29.760	Currency GBPUSD,M15: CADJPY : 155.01 : 0.22
0	17:08:29.760	Currency GBPUSD,M15: NZDJPY : 137.52 : 0.24
0	17:08:29.760	Currency GBPUSD,M15: AUDCAD : 152.49 : 0.24
0	17:08:29.760	Currency GBPUSD,M15: AUDNZD : 152.49 : 0.22
0	17:08:29.760	Currency GBPUSD,M15: NZDCAD : 137.52 : 0.25
0	17:08:29.760	Currency GBPUSD,M15: Пара | Стоимость лота | Размер лота
0	17:08:29.760	Currency GBPCHF,M15: EURUSD : 227.06 : 0.17
0	17:08:29.760	Currency GBPCHF,M15: EURGBP : 227.05 : 0.16
0	17:08:29.760	Currency GBPCHF,M15: EURCHF : 227.05 : 0.15
0	17:08:29.760	Currency GBPCHF,M15: EURJPY : 227.05 : 0.17
0	17:08:29.760	Currency GBPCHF,M15: EURAUD : 227.05 : 0.16
0	17:08:29.760	Currency GBPCHF,M15: EURCAD : 227.05 : 0.15
0	17:08:29.760	Currency GBPCHF,M15: EURNZD : 227.05 : 0.14
0	17:08:29.760	Currency GBPCHF,M15: GBPUSD : 283.97 : 0.14
0	17:08:29.760	Currency GBPCHF,M15: USDCHF : 200 : 0.19
0	17:08:29.760	Currency GBPCHF,M15: USDJPY : 200 : 0.2
0	17:08:29.760	Currency GBPCHF,M15: AUDUSD : 152.5 : 0.26
0	17:08:29.760	Currency GBPCHF,M15: USDCAD : 200 : 0.2
0	17:08:29.760	Currency GBPCHF,M15: NZDUSD : 137.53 : 0.28
0	17:08:29.760	Currency GBPCHF,M15: GBPCHF : 283.97 : 0.12
0	17:08:29.760	Currency GBPCHF,M15: GBPJPY : 283.97 : 0.13
0	17:08:29.760	Currency GBPCHF,M15: GBPAUD : 283.97 : 0.12
0	17:08:29.760	Currency GBPCHF,M15: GBPCAD : 283.97 : 0.12
0	17:08:29.760	Currency GBPCHF,M15: GBPNZD : 283.97 : 0.11
0	17:08:29.760	Currency GBPCHF,M15: CHFJPY : 208.54 : 0.17
0	17:08:29.760	Currency GBPCHF,M15: AUDCHF : 152.49 : 0.23
0	17:08:29.760	Currency GBPCHF,M15: CADCHF : 155.01 : 0.23
0	17:08:29.760	Currency GBPCHF,M15: NZDCHF : 137.52 : 0.25
0	17:08:29.760	Currency GBPCHF,M15: AUDJPY : 152.49 : 0.24
0	17:08:29.760	Currency GBPCHF,M15: CADJPY : 155.01 : 0.22
0	17:08:29.760	Currency GBPCHF,M15: NZDJPY : 137.52 : 0.24
0	17:08:29.760	Currency GBPCHF,M15: AUDCAD : 152.49 : 0.24
0	17:08:29.760	Currency GBPCHF,M15: AUDNZD : 152.49 : 0.22
0	17:08:29.760	Currency GBPCHF,M15: NZDCAD : 137.52 : 0.25
0	17:08:29.760	Currency GBPCHF,M15: Пара | Стоимость лота | Размер лота
0	17:08:29.770	Currency USDRUB,M15: EURUSD : 227.06 : 0.17
0	17:08:29.770	Currency USDRUB,M15: EURGBP : 227.05 : 0.16
0	17:08:29.770	Currency USDRUB,M15: EURCHF : 227.05 : 0.15
0	17:08:29.770	Currency USDRUB,M15: EURJPY : 227.05 : 0.17
0	17:08:29.770	Currency USDRUB,M15: EURAUD : 227.05 : 0.16
0	17:08:29.770	Currency USDRUB,M15: EURCAD : 227.05 : 0.15
0	17:08:29.770	Currency USDRUB,M15: EURNZD : 227.05 : 0.14
0	17:08:29.770	Currency USDRUB,M15: GBPUSD : 283.97 : 0.14
0	17:08:29.770	Currency USDRUB,M15: USDCHF : 200 : 0.19
0	17:08:29.770	Currency USDRUB,M15: USDJPY : 200 : 0.2
0	17:08:29.770	Currency USDRUB,M15: AUDUSD : 152.5 : 0.26
0	17:08:29.770	Currency USDRUB,M15: USDCAD : 200 : 0.2
0	17:08:29.770	Currency USDRUB,M15: NZDUSD : 137.53 : 0.28
0	17:08:29.770	Currency USDRUB,M15: GBPCHF : 283.97 : 0.12
0	17:08:29.770	Currency USDRUB,M15: GBPJPY : 283.97 : 0.13
0	17:08:29.770	Currency USDRUB,M15: GBPAUD : 283.97 : 0.12
0	17:08:29.770	Currency USDRUB,M15: GBPCAD : 283.97 : 0.12
0	17:08:29.770	Currency USDRUB,M15: GBPNZD : 283.97 : 0.11
0	17:08:29.770	Currency USDRUB,M15: CHFJPY : 208.54 : 0.17
0	17:08:29.780	Currency USDRUB,M15: AUDCHF : 152.49 : 0.23
0	17:08:29.780	Currency USDRUB,M15: CADCHF : 155.01 : 0.23
0	17:08:29.780	Currency USDRUB,M15: NZDCHF : 137.52 : 0.25
0	17:08:29.780	Currency USDRUB,M15: AUDJPY : 152.49 : 0.24
0	17:08:29.780	Currency USDRUB,M15: CADJPY : 155.01 : 0.22
0	17:08:29.780	Currency USDRUB,M15: NZDJPY : 137.52 : 0.24
0	17:08:29.780	Currency USDRUB,M15: AUDCAD : 152.49 : 0.24
0	17:08:29.780	Currency USDRUB,M15: AUDNZD : 152.49 : 0.22
0	17:08:29.780	Currency USDRUB,M15: NZDCAD : 137.52 : 0.25
0	17:08:29.780	Currency USDRUB,M15: Пара | Стоимость лота | Размер лота
0	17:08:29.780	Currency EURRUB,M15: EURUSD : 227.06 : 0.17
0	17:08:29.780	Currency EURRUB,M15: EURGBP : 227.05 : 0.16
0	17:08:29.780	Currency EURRUB,M15: EURCHF : 227.05 : 0.15
0	17:08:29.780	Currency EURRUB,M15: EURJPY : 227.05 : 0.17
0	17:08:29.780	Currency EURRUB,M15: EURAUD : 227.05 : 0.16
0	17:08:29.780	Currency EURRUB,M15: EURCAD : 227.05 : 0.15
0	17:08:29.780	Currency EURRUB,M15: EURNZD : 227.05 : 0.14
0	17:08:29.780	Currency EURRUB,M15: GBPUSD : 283.97 : 0.14
0	17:08:29.780	Currency EURRUB,M15: USDCHF : 200 : 0.19
0	17:08:29.780	Currency EURRUB,M15: USDJPY : 200 : 0.2
0	17:08:29.780	Currency EURRUB,M15: AUDUSD : 152.5 : 0.26
0	17:08:29.780	Currency EURRUB,M15: USDCAD : 200 : 0.2
0	17:08:29.780	Currency EURRUB,M15: NZDUSD : 137.53 : 0.28
0	17:08:29.780	Currency EURRUB,M15: GBPCHF : 283.97 : 0.12
0	17:08:29.780	Currency EURRUB,M15: GBPJPY : 283.97 : 0.13
0	17:08:29.780	Currency EURRUB,M15: GBPAUD : 283.97 : 0.12
0	17:08:29.780	Currency EURRUB,M15: GBPCAD : 283.97 : 0.12
0	17:08:29.780	Currency EURRUB,M15: GBPNZD : 283.97 : 0.11
0	17:08:29.780	Currency EURRUB,M15: CHFJPY : 208.54 : 0.17
0	17:08:29.780	Currency EURRUB,M15: AUDCHF : 152.49 : 0.23
0	17:08:29.780	Currency EURRUB,M15: CADCHF : 155.01 : 0.23
0	17:08:29.780	Currency EURRUB,M15: NZDCHF : 137.52 : 0.25
0	17:08:29.780	Currency EURRUB,M15: AUDJPY : 152.49 : 0.24
0	17:08:29.780	Currency EURRUB,M15: CADJPY : 155.01 : 0.22
0	17:08:29.780	Currency EURRUB,M15: NZDJPY : 137.52 : 0.24
0	17:08:29.780	Currency EURRUB,M15: AUDCAD : 152.49 : 0.24
0	17:08:29.780	Currency EURRUB,M15: AUDNZD : 152.49 : 0.22
0	17:08:29.780	Currency EURRUB,M15: NZDCAD : 137.52 : 0.25
0	17:08:29.780	Currency EURRUB,M15: Пара | Стоимость лота | Размер лота
0	17:08:29.780	Currency NZDUSD,H1: EURUSD : 227.06 : 0.17
0	17:08:29.780	Currency NZDUSD,H1: EURGBP : 227.05 : 0.16
0	17:08:29.780	Currency NZDUSD,H1: EURCHF : 227.05 : 0.15
0	17:08:29.780	Currency NZDUSD,H1: EURJPY : 227.05 : 0.17
0	17:08:29.780	Currency NZDUSD,H1: EURAUD : 227.05 : 0.16
0	17:08:29.790	Currency NZDUSD,H1: EURCAD : 227.05 : 0.15
0	17:08:29.790	Currency NZDUSD,H1: EURNZD : 227.05 : 0.14
0	17:08:29.790	Currency NZDUSD,H1: GBPUSD : 283.97 : 0.14
0	17:08:29.790	Currency NZDUSD,H1: USDCHF : 200 : 0.19
0	17:08:29.790	Currency NZDUSD,H1: USDJPY : 200 : 0.2
0	17:08:29.790	Currency NZDUSD,H1: AUDUSD : 152.5 : 0.26
0	17:08:29.790	Currency NZDUSD,H1: USDCAD : 200 : 0.2
0	17:08:29.790	Currency NZDUSD,H1: NZDUSD : 137.53 : 0.28
0	17:08:29.790	Currency NZDUSD,H1: GBPCHF : 283.97 : 0.12
0	17:08:29.790	Currency NZDUSD,H1: GBPJPY : 283.97 : 0.13
0	17:08:29.790	Currency NZDUSD,H1: GBPAUD : 283.97 : 0.12
0	17:08:29.790	Currency NZDUSD,H1: GBPCAD : 283.97 : 0.12
0	17:08:29.790	Currency NZDUSD,H1: GBPNZD : 283.97 : 0.11
0	17:08:29.790	Currency NZDUSD,H1: CHFJPY : 208.54 : 0.17
0	17:08:29.790	Currency NZDUSD,H1: AUDCHF : 152.49 : 0.23
0	17:08:29.790	Currency NZDUSD,H1: CADCHF : 155.01 : 0.23
0	17:08:29.790	Currency NZDUSD,H1: NZDCHF : 137.52 : 0.25
0	17:08:29.790	Currency NZDUSD,H1: AUDJPY : 152.49 : 0.24
0	17:08:29.790	Currency NZDUSD,H1: CADJPY : 155.01 : 0.22
0	17:08:29.790	Currency NZDUSD,H1: NZDJPY : 137.52 : 0.24
0	17:08:29.790	Currency NZDUSD,H1: AUDCAD : 152.49 : 0.24
0	17:08:29.790	Currency NZDUSD,H1: AUDNZD : 152.49 : 0.22
0	17:08:29.790	Currency NZDUSD,H1: NZDCAD : 137.52 : 0.25
0	17:08:29.790	Currency NZDUSD,H1: Пара | Стоимость лота | Размер лота
0	17:08:29.790	Currency AUDUSD,M15: EURUSD : 227.06 : 0.17
0	17:08:29.790	Currency AUDUSD,M15: EURGBP : 227.05 : 0.16
0	17:08:29.790	Currency AUDUSD,M15: EURCHF : 227.05 : 0.15
0	17:08:29.790	Currency AUDUSD,M15: EURJPY : 227.05 : 0.17
0	17:08:29.790	Currency AUDUSD,M15: EURAUD : 227.05 : 0.16
0	17:08:29.790	Currency AUDUSD,M15: EURCAD : 227.05 : 0.15
0	17:08:29.790	Currency AUDUSD,M15: EURNZD : 227.05 : 0.14
0	17:08:29.790	Currency AUDUSD,M15: GBPUSD : 283.97 : 0.14
0	17:08:29.790	Currency AUDUSD,M15: USDCHF : 200 : 0.19
0	17:08:29.790	Currency AUDUSD,M15: USDJPY : 200 : 0.2
0	17:08:29.790	Currency AUDUSD,M15: AUDUSD : 152.5 : 0.26
0	17:08:29.790	Currency AUDUSD,M15: USDCAD : 200 : 0.2
0	17:08:29.790	Currency AUDUSD,M15: NZDUSD : 137.53 : 0.28
0	17:08:29.790	Currency AUDUSD,M15: GBPCHF : 283.97 : 0.12
0	17:08:29.790	Currency AUDUSD,M15: GBPJPY : 283.97 : 0.13
0	17:08:29.790	Currency AUDUSD,M15: GBPAUD : 283.97 : 0.12
0	17:08:29.790	Currency AUDUSD,M15: GBPCAD : 283.97 : 0.12
0	17:08:29.790	Currency AUDUSD,M15: GBPNZD : 283.97 : 0.11
0	17:08:29.790	Currency AUDUSD,M15: CHFJPY : 208.54 : 0.17
0	17:08:29.790	Currency AUDUSD,M15: AUDCHF : 152.49 : 0.23
0	17:08:29.790	Currency AUDUSD,M15: CADCHF : 155.01 : 0.23
0	17:08:29.790	Currency AUDUSD,M15: NZDCHF : 137.52 : 0.25
0	17:08:29.790	Currency AUDUSD,M15: AUDJPY : 152.49 : 0.24
0	17:08:29.790	Currency AUDUSD,M15: CADJPY : 155.01 : 0.22
0	17:08:29.790	Currency AUDUSD,M15: NZDJPY : 137.52 : 0.24
0	17:08:29.790	Currency AUDUSD,M15: AUDCAD : 152.49 : 0.24
0	17:08:29.790	Currency AUDUSD,M15: AUDNZD : 152.49 : 0.22
0	17:08:29.790	Currency AUDUSD,M15: NZDCAD : 137.52 : 0.25
0	17:08:29.790	Currency AUDUSD,M15: Пара | Стоимость лота | Размер лота
0	17:08:29.800	Currency USDCAD,M15: EURUSD : 227.06 : 0.17
0	17:08:29.800	Currency USDCAD,M15: EURGBP : 227.05 : 0.16
0	17:08:29.800	Currency USDCAD,M15: EURCHF : 227.05 : 0.15
0	17:08:29.800	Currency USDCAD,M15: EURJPY : 227.05 : 0.17
0	17:08:29.800	Currency USDCAD,M15: EURAUD : 227.05 : 0.16
0	17:08:29.800	Currency USDCAD,M15: EURCAD : 227.05 : 0.15
0	17:08:29.800	Currency USDCAD,M15: EURNZD : 227.05 : 0.14
0	17:08:29.800	Currency USDCAD,M15: GBPUSD : 283.97 : 0.14
0	17:08:29.800	Currency USDCAD,M15: USDCHF : 200 : 0.19
0	17:08:29.800	Currency USDCAD,M15: USDJPY : 200 : 0.2
0	17:08:29.800	Currency USDCAD,M15: AUDUSD : 152.5 : 0.26
0	17:08:29.800	Currency USDCAD,M15: USDCAD : 200 : 0.2
0	17:08:29.800	Currency USDCAD,M15: NZDUSD : 137.53 : 0.28
0	17:08:29.800	Currency USDCAD,M15: GBPCHF : 283.97 : 0.12
0	17:08:29.800	Currency USDCAD,M15: GBPJPY : 283.97 : 0.13
0	17:08:29.800	Currency USDCAD,M15: GBPAUD : 283.97 : 0.12
0	17:08:29.800	Currency USDCAD,M15: GBPCAD : 283.97 : 0.12
0	17:08:29.800	Currency USDCAD,M15: GBPNZD : 283.97 : 0.11
0	17:08:29.800	Currency USDCAD,M15: CHFJPY : 208.54 : 0.17
0	17:08:29.800	Currency USDCAD,M15: AUDCHF : 152.49 : 0.23
0	17:08:29.800	Currency USDCAD,M15: CADCHF : 155.01 : 0.23
0	17:08:29.800	Currency USDCAD,M15: NZDCHF : 137.52 : 0.25
0	17:08:29.800	Currency USDCAD,M15: AUDJPY : 152.49 : 0.24
0	17:08:29.800	Currency USDCAD,M15: CADJPY : 155.01 : 0.22
0	17:08:29.800	Currency USDCAD,M15: NZDJPY : 137.52 : 0.24
0	17:08:29.800	Currency USDCAD,M15: AUDCAD : 152.49 : 0.24
0	17:08:29.800	Currency USDCAD,M15: AUDNZD : 152.49 : 0.22
0	17:08:29.800	Currency USDCAD,M15: NZDCAD : 137.52 : 0.25
0	17:08:29.800	Currency USDCAD,M15: Пара | Стоимость лота | Размер лота
0	17:08:29.800	Currency USDCHF,M15: EURUSD : 227.06 : 0.17
0	17:08:29.800	Currency USDCHF,M15: EURGBP : 227.05 : 0.16
0	17:08:29.800	Currency USDCHF,M15: EURCHF : 227.05 : 0.15
0	17:08:29.800	Currency USDCHF,M15: EURJPY : 227.05 : 0.17
0	17:08:29.800	Currency USDCHF,M15: EURAUD : 227.05 : 0.16
0	17:08:29.800	Currency USDCHF,M15: EURCAD : 227.05 : 0.15
0	17:08:29.800	Currency USDCHF,M15: EURNZD : 227.05 : 0.14
0	17:08:29.800	Currency USDCHF,M15: GBPUSD : 283.97 : 0.14
0	17:08:29.800	Currency USDCHF,M15: USDCHF : 200 : 0.19
0	17:08:29.800	Currency USDCHF,M15: USDJPY : 200 : 0.2
0	17:08:29.800	Currency USDCHF,M15: AUDUSD : 152.5 : 0.26
0	17:08:29.800	Currency USDCHF,M15: USDCAD : 200 : 0.2
0	17:08:29.800	Currency USDCHF,M15: NZDUSD : 137.53 : 0.28
0	17:08:29.800	Currency USDCHF,M15: GBPCHF : 283.97 : 0.12
0	17:08:29.800	Currency USDCHF,M15: GBPJPY : 283.97 : 0.13
0	17:08:29.800	Currency USDCHF,M15: GBPAUD : 283.97 : 0.12
0	17:08:29.800	Currency USDCHF,M15: GBPCAD : 283.97 : 0.12
0	17:08:29.800	Currency USDCHF,M15: GBPNZD : 283.97 : 0.11
0	17:08:29.800	Currency USDCHF,M15: CHFJPY : 208.54 : 0.17
0	17:08:29.800	Currency USDCHF,M15: AUDCHF : 152.49 : 0.23
0	17:08:29.800	Currency USDCHF,M15: CADCHF : 155.01 : 0.23
0	17:08:29.800	Currency USDCHF,M15: NZDCHF : 137.52 : 0.25
0	17:08:29.800	Currency USDCHF,M15: AUDJPY : 152.49 : 0.24
0	17:08:29.810	Currency USDCHF,M15: CADJPY : 155.01 : 0.22
0	17:08:29.810	Currency USDCHF,M15: NZDJPY : 137.52 : 0.24
0	17:08:29.810	Currency USDCHF,M15: AUDCAD : 152.49 : 0.24
0	17:08:29.810	Currency USDCHF,M15: AUDNZD : 152.49 : 0.22
0	17:08:29.810	Currency USDCHF,M15: NZDCAD : 137.52 : 0.25
0	17:08:29.810	Currency USDCHF,M15: Пара | Стоимость лота | Размер лота
1	17:08:33.580	TrendPower XAGUSD,H1: array out of range in 'TrendPower.mq4' (48,35)
3	17:08:33.600	TrendPower XAGUSD,H1: not initialized
0	17:08:33.600	TrendPower XAGUSD,H1: uninit reason 8
0	17:08:33.610	Custom indicator TrendPower XAGUSD,H1: removed
0	17:08:48.687	Custom indicator TrendPower EURUSD,M15: loaded successfully
1	17:08:49.893	TrendPower EURUSD,M15: array out of range in 'TrendPower.mq4' (48,35)
3	17:08:49.903	TrendPower EURUSD,M15: not initialized
0	17:08:49.903	TrendPower EURUSD,M15: uninit reason 8
0	17:08:49.903	Custom indicator TrendPower EURUSD,M15: removed
0	17:10:22.434	Custom indicator TrendPower XAGUSD,H1: loaded successfully
0	17:10:26.751	TrendPower XAGUSD,H1: initialized
